ARM GAS  C:\Users\0\AppData\Local\Temp\ccwJCHvw.s 			page 1


   1              		.syntax unified
   2              		.cpu cortex-m0plus
   3              		.fpu softvfp
   4              		.eabi_attribute 20, 1
   5              		.eabi_attribute 21, 1
   6              		.eabi_attribute 23, 3
   7              		.eabi_attribute 24, 1
   8              		.eabi_attribute 25, 1
   9              		.eabi_attribute 26, 1
  10              		.eabi_attribute 30, 1
  11              		.eabi_attribute 34, 0
  12              		.eabi_attribute 18, 4
  13              		.thumb
  14              		.syntax unified
  15              		.file	"PowerAnalyzer.c"
  16              		.text
  17              	.Ltext0:
  18              		.cfi_sections	.debug_frame
  19              		.section	.text.ADC_Read,"ax",%progbits
  20              		.align	2
  21              		.global	ADC_Read
  22              		.code	16
  23              		.thumb_func
  24              		.type	ADC_Read, %function
  25              	ADC_Read:
  26              	.LFB34:
  27              		.file 1 "PowerAnalyzer.c"
   1:PowerAnalyzer.c **** /* ========================================
   2:PowerAnalyzer.c ****  *
   3:PowerAnalyzer.c ****  * Copyright YOUR COMPANY, THE YEAR
   4:PowerAnalyzer.c ****  * All Rights Reserved
   5:PowerAnalyzer.c ****  * UNPUBLISHED, LICENSED SOFTWARE.
   6:PowerAnalyzer.c ****  *
   7:PowerAnalyzer.c ****  * CONFIDENTIAL AND PROPRIETARY INFORMATION
   8:PowerAnalyzer.c ****  * WHICH IS THE PROPERTY OF your company.
   9:PowerAnalyzer.c ****  *
  10:PowerAnalyzer.c ****  * ========================================
  11:PowerAnalyzer.c **** */
  12:PowerAnalyzer.c **** 
  13:PowerAnalyzer.c **** #include "project.h"
  14:PowerAnalyzer.c **** #include "stdio.h"
  15:PowerAnalyzer.c **** 
  16:PowerAnalyzer.c **** // read ADC
  17:PowerAnalyzer.c **** int ADC_Read(uint8 chan){
  28              		.loc 1 17 0
  29              		.cfi_startproc
  30              		@ args = 0, pretend = 0, frame = 0
  31              		@ frame_needed = 0, uses_anonymous_args = 0
  32              	.LVL0:
  33 0000 10B5     		push	{r4, lr}
  34              		.cfi_def_cfa_offset 8
  35              		.cfi_offset 4, -8
  36              		.cfi_offset 14, -4
  18:PowerAnalyzer.c ****     int32 vrADC;
  19:PowerAnalyzer.c **** //    while(!ADC_IsEndConversion(ADC_RETURN_STATUS)){};
  20:PowerAnalyzer.c **** //        vrADC = ADC_CountsTo_mVolts(chan,ADC_GetResult16(chan));
  21:PowerAnalyzer.c ****        vrADC = ADC_GetResult16(chan);
ARM GAS  C:\Users\0\AppData\Local\Temp\ccwJCHvw.s 			page 2


  37              		.loc 1 21 0
  38 0002 FFF7FEFF 		bl	ADC_GetResult16
  39              	.LVL1:
  22:PowerAnalyzer.c ****     return vrADC;
  23:PowerAnalyzer.c **** }
  40              		.loc 1 23 0
  41              		@ sp needed
  42 0006 10BD     		pop	{r4, pc}
  43              		.cfi_endproc
  44              	.LFE34:
  45              		.size	ADC_Read, .-ADC_Read
  46              		.text
  47              	.Letext0:
  48              		.file 2 "Generated_Source\\PSoC4/cytypes.h"
  49              		.file 3 "Generated_Source\\PSoC4/ADC.h"
  50              		.section	.debug_info,"",%progbits
  51              	.Ldebug_info0:
  52 0000 ED000000 		.4byte	0xed
  53 0004 0400     		.2byte	0x4
  54 0006 00000000 		.4byte	.Ldebug_abbrev0
  55 000a 04       		.byte	0x4
  56 000b 01       		.uleb128 0x1
  57 000c B3000000 		.4byte	.LASF16
  58 0010 0C       		.byte	0xc
  59 0011 90000000 		.4byte	.LASF17
  60 0015 21000000 		.4byte	.LASF18
  61 0019 00000000 		.4byte	.Ldebug_ranges0+0
  62 001d 00000000 		.4byte	0
  63 0021 00000000 		.4byte	.Ldebug_line0
  64 0025 02       		.uleb128 0x2
  65 0026 01       		.byte	0x1
  66 0027 06       		.byte	0x6
  67 0028 86010000 		.4byte	.LASF0
  68 002c 02       		.uleb128 0x2
  69 002d 01       		.byte	0x1
  70 002e 08       		.byte	0x8
  71 002f A0000000 		.4byte	.LASF1
  72 0033 02       		.uleb128 0x2
  73 0034 02       		.byte	0x2
  74 0035 05       		.byte	0x5
  75 0036 A4010000 		.4byte	.LASF2
  76 003a 02       		.uleb128 0x2
  77 003b 02       		.byte	0x2
  78 003c 07       		.byte	0x7
  79 003d 73010000 		.4byte	.LASF3
  80 0041 02       		.uleb128 0x2
  81 0042 04       		.byte	0x4
  82 0043 05       		.byte	0x5
  83 0044 53010000 		.4byte	.LASF4
  84 0048 02       		.uleb128 0x2
  85 0049 04       		.byte	0x4
  86 004a 07       		.byte	0x7
  87 004b 67000000 		.4byte	.LASF5
  88 004f 02       		.uleb128 0x2
  89 0050 08       		.byte	0x8
  90 0051 05       		.byte	0x5
  91 0052 00000000 		.4byte	.LASF6
ARM GAS  C:\Users\0\AppData\Local\Temp\ccwJCHvw.s 			page 3


  92 0056 02       		.uleb128 0x2
  93 0057 08       		.byte	0x8
  94 0058 07       		.byte	0x7
  95 0059 79000000 		.4byte	.LASF7
  96 005d 03       		.uleb128 0x3
  97 005e 04       		.byte	0x4
  98 005f 05       		.byte	0x5
  99 0060 696E7400 		.ascii	"int\000"
 100 0064 02       		.uleb128 0x2
 101 0065 04       		.byte	0x4
 102 0066 07       		.byte	0x7
 103 0067 0E000000 		.4byte	.LASF8
 104 006b 04       		.uleb128 0x4
 105 006c 61000000 		.4byte	.LASF9
 106 0070 02       		.byte	0x2
 107 0071 E601     		.2byte	0x1e6
 108 0073 2C000000 		.4byte	0x2c
 109 0077 04       		.uleb128 0x4
 110 0078 B7010000 		.4byte	.LASF10
 111 007c 02       		.byte	0x2
 112 007d EB01     		.2byte	0x1eb
 113 007f 41000000 		.4byte	0x41
 114 0083 02       		.uleb128 0x2
 115 0084 04       		.byte	0x4
 116 0085 04       		.byte	0x4
 117 0086 9E010000 		.4byte	.LASF11
 118 008a 02       		.uleb128 0x2
 119 008b 08       		.byte	0x8
 120 008c 04       		.byte	0x4
 121 008d 6C010000 		.4byte	.LASF12
 122 0091 02       		.uleb128 0x2
 123 0092 01       		.byte	0x1
 124 0093 08       		.byte	0x8
 125 0094 4E010000 		.4byte	.LASF13
 126 0098 02       		.uleb128 0x2
 127 0099 08       		.byte	0x8
 128 009a 04       		.byte	0x4
 129 009b 92010000 		.4byte	.LASF14
 130 009f 02       		.uleb128 0x2
 131 00a0 04       		.byte	0x4
 132 00a1 07       		.byte	0x7
 133 00a2 AE010000 		.4byte	.LASF15
 134 00a6 05       		.uleb128 0x5
 135 00a7 45010000 		.4byte	.LASF19
 136 00ab 01       		.byte	0x1
 137 00ac 11       		.byte	0x11
 138 00ad 5D000000 		.4byte	0x5d
 139 00b1 00000000 		.4byte	.LFB34
 140 00b5 08000000 		.4byte	.LFE34-.LFB34
 141 00b9 01       		.uleb128 0x1
 142 00ba 9C       		.byte	0x9c
 143 00bb E5000000 		.4byte	0xe5
 144 00bf 06       		.uleb128 0x6
 145 00c0 AE000000 		.4byte	.LASF20
 146 00c4 01       		.byte	0x1
 147 00c5 11       		.byte	0x11
 148 00c6 6B000000 		.4byte	0x6b
ARM GAS  C:\Users\0\AppData\Local\Temp\ccwJCHvw.s 			page 4


 149 00ca 00000000 		.4byte	.LLST0
 150 00ce 07       		.uleb128 0x7
 151 00cf 1B000000 		.4byte	.LASF21
 152 00d3 01       		.byte	0x1
 153 00d4 12       		.byte	0x12
 154 00d5 77000000 		.4byte	0x77
 155 00d9 01       		.uleb128 0x1
 156 00da 50       		.byte	0x50
 157 00db 08       		.uleb128 0x8
 158 00dc 06000000 		.4byte	.LVL1
 159 00e0 E5000000 		.4byte	0xe5
 160 00e4 00       		.byte	0
 161 00e5 09       		.uleb128 0x9
 162 00e6 5C010000 		.4byte	.LASF22
 163 00ea 5C010000 		.4byte	.LASF22
 164 00ee 03       		.byte	0x3
 165 00ef A0       		.byte	0xa0
 166 00f0 00       		.byte	0
 167              		.section	.debug_abbrev,"",%progbits
 168              	.Ldebug_abbrev0:
 169 0000 01       		.uleb128 0x1
 170 0001 11       		.uleb128 0x11
 171 0002 01       		.byte	0x1
 172 0003 25       		.uleb128 0x25
 173 0004 0E       		.uleb128 0xe
 174 0005 13       		.uleb128 0x13
 175 0006 0B       		.uleb128 0xb
 176 0007 03       		.uleb128 0x3
 177 0008 0E       		.uleb128 0xe
 178 0009 1B       		.uleb128 0x1b
 179 000a 0E       		.uleb128 0xe
 180 000b 55       		.uleb128 0x55
 181 000c 17       		.uleb128 0x17
 182 000d 11       		.uleb128 0x11
 183 000e 01       		.uleb128 0x1
 184 000f 10       		.uleb128 0x10
 185 0010 17       		.uleb128 0x17
 186 0011 00       		.byte	0
 187 0012 00       		.byte	0
 188 0013 02       		.uleb128 0x2
 189 0014 24       		.uleb128 0x24
 190 0015 00       		.byte	0
 191 0016 0B       		.uleb128 0xb
 192 0017 0B       		.uleb128 0xb
 193 0018 3E       		.uleb128 0x3e
 194 0019 0B       		.uleb128 0xb
 195 001a 03       		.uleb128 0x3
 196 001b 0E       		.uleb128 0xe
 197 001c 00       		.byte	0
 198 001d 00       		.byte	0
 199 001e 03       		.uleb128 0x3
 200 001f 24       		.uleb128 0x24
 201 0020 00       		.byte	0
 202 0021 0B       		.uleb128 0xb
 203 0022 0B       		.uleb128 0xb
 204 0023 3E       		.uleb128 0x3e
 205 0024 0B       		.uleb128 0xb
ARM GAS  C:\Users\0\AppData\Local\Temp\ccwJCHvw.s 			page 5


 206 0025 03       		.uleb128 0x3
 207 0026 08       		.uleb128 0x8
 208 0027 00       		.byte	0
 209 0028 00       		.byte	0
 210 0029 04       		.uleb128 0x4
 211 002a 16       		.uleb128 0x16
 212 002b 00       		.byte	0
 213 002c 03       		.uleb128 0x3
 214 002d 0E       		.uleb128 0xe
 215 002e 3A       		.uleb128 0x3a
 216 002f 0B       		.uleb128 0xb
 217 0030 3B       		.uleb128 0x3b
 218 0031 05       		.uleb128 0x5
 219 0032 49       		.uleb128 0x49
 220 0033 13       		.uleb128 0x13
 221 0034 00       		.byte	0
 222 0035 00       		.byte	0
 223 0036 05       		.uleb128 0x5
 224 0037 2E       		.uleb128 0x2e
 225 0038 01       		.byte	0x1
 226 0039 3F       		.uleb128 0x3f
 227 003a 19       		.uleb128 0x19
 228 003b 03       		.uleb128 0x3
 229 003c 0E       		.uleb128 0xe
 230 003d 3A       		.uleb128 0x3a
 231 003e 0B       		.uleb128 0xb
 232 003f 3B       		.uleb128 0x3b
 233 0040 0B       		.uleb128 0xb
 234 0041 27       		.uleb128 0x27
 235 0042 19       		.uleb128 0x19
 236 0043 49       		.uleb128 0x49
 237 0044 13       		.uleb128 0x13
 238 0045 11       		.uleb128 0x11
 239 0046 01       		.uleb128 0x1
 240 0047 12       		.uleb128 0x12
 241 0048 06       		.uleb128 0x6
 242 0049 40       		.uleb128 0x40
 243 004a 18       		.uleb128 0x18
 244 004b 9742     		.uleb128 0x2117
 245 004d 19       		.uleb128 0x19
 246 004e 01       		.uleb128 0x1
 247 004f 13       		.uleb128 0x13
 248 0050 00       		.byte	0
 249 0051 00       		.byte	0
 250 0052 06       		.uleb128 0x6
 251 0053 05       		.uleb128 0x5
 252 0054 00       		.byte	0
 253 0055 03       		.uleb128 0x3
 254 0056 0E       		.uleb128 0xe
 255 0057 3A       		.uleb128 0x3a
 256 0058 0B       		.uleb128 0xb
 257 0059 3B       		.uleb128 0x3b
 258 005a 0B       		.uleb128 0xb
 259 005b 49       		.uleb128 0x49
 260 005c 13       		.uleb128 0x13
 261 005d 02       		.uleb128 0x2
 262 005e 17       		.uleb128 0x17
ARM GAS  C:\Users\0\AppData\Local\Temp\ccwJCHvw.s 			page 6


 263 005f 00       		.byte	0
 264 0060 00       		.byte	0
 265 0061 07       		.uleb128 0x7
 266 0062 34       		.uleb128 0x34
 267 0063 00       		.byte	0
 268 0064 03       		.uleb128 0x3
 269 0065 0E       		.uleb128 0xe
 270 0066 3A       		.uleb128 0x3a
 271 0067 0B       		.uleb128 0xb
 272 0068 3B       		.uleb128 0x3b
 273 0069 0B       		.uleb128 0xb
 274 006a 49       		.uleb128 0x49
 275 006b 13       		.uleb128 0x13
 276 006c 02       		.uleb128 0x2
 277 006d 18       		.uleb128 0x18
 278 006e 00       		.byte	0
 279 006f 00       		.byte	0
 280 0070 08       		.uleb128 0x8
 281 0071 898201   		.uleb128 0x4109
 282 0074 00       		.byte	0
 283 0075 11       		.uleb128 0x11
 284 0076 01       		.uleb128 0x1
 285 0077 31       		.uleb128 0x31
 286 0078 13       		.uleb128 0x13
 287 0079 00       		.byte	0
 288 007a 00       		.byte	0
 289 007b 09       		.uleb128 0x9
 290 007c 2E       		.uleb128 0x2e
 291 007d 00       		.byte	0
 292 007e 3F       		.uleb128 0x3f
 293 007f 19       		.uleb128 0x19
 294 0080 3C       		.uleb128 0x3c
 295 0081 19       		.uleb128 0x19
 296 0082 6E       		.uleb128 0x6e
 297 0083 0E       		.uleb128 0xe
 298 0084 03       		.uleb128 0x3
 299 0085 0E       		.uleb128 0xe
 300 0086 3A       		.uleb128 0x3a
 301 0087 0B       		.uleb128 0xb
 302 0088 3B       		.uleb128 0x3b
 303 0089 0B       		.uleb128 0xb
 304 008a 00       		.byte	0
 305 008b 00       		.byte	0
 306 008c 00       		.byte	0
 307              		.section	.debug_loc,"",%progbits
 308              	.Ldebug_loc0:
 309              	.LLST0:
 310 0000 00000000 		.4byte	.LVL0
 311 0004 05000000 		.4byte	.LVL1-1
 312 0008 0100     		.2byte	0x1
 313 000a 50       		.byte	0x50
 314 000b 05000000 		.4byte	.LVL1-1
 315 000f 08000000 		.4byte	.LFE34
 316 0013 0400     		.2byte	0x4
 317 0015 F3       		.byte	0xf3
 318 0016 01       		.uleb128 0x1
 319 0017 50       		.byte	0x50
ARM GAS  C:\Users\0\AppData\Local\Temp\ccwJCHvw.s 			page 7


 320 0018 9F       		.byte	0x9f
 321 0019 00000000 		.4byte	0
 322 001d 00000000 		.4byte	0
 323              		.section	.debug_aranges,"",%progbits
 324 0000 1C000000 		.4byte	0x1c
 325 0004 0200     		.2byte	0x2
 326 0006 00000000 		.4byte	.Ldebug_info0
 327 000a 04       		.byte	0x4
 328 000b 00       		.byte	0
 329 000c 0000     		.2byte	0
 330 000e 0000     		.2byte	0
 331 0010 00000000 		.4byte	.LFB34
 332 0014 08000000 		.4byte	.LFE34-.LFB34
 333 0018 00000000 		.4byte	0
 334 001c 00000000 		.4byte	0
 335              		.section	.debug_ranges,"",%progbits
 336              	.Ldebug_ranges0:
 337 0000 00000000 		.4byte	.LFB34
 338 0004 08000000 		.4byte	.LFE34
 339 0008 00000000 		.4byte	0
 340 000c 00000000 		.4byte	0
 341              		.section	.debug_line,"",%progbits
 342              	.Ldebug_line0:
 343 0000 6A000000 		.section	.debug_str,"MS",%progbits,1
 343      02005300 
 343      00000201 
 343      FB0E0D00 
 343      01010101 
 344              	.LASF6:
 345 0000 6C6F6E67 		.ascii	"long long int\000"
 345      206C6F6E 
 345      6720696E 
 345      7400
 346              	.LASF8:
 347 000e 756E7369 		.ascii	"unsigned int\000"
 347      676E6564 
 347      20696E74 
 347      00
 348              	.LASF21:
 349 001b 76724144 		.ascii	"vrADC\000"
 349      4300
 350              	.LASF18:
 351 0021 433A5C55 		.ascii	"C:\\Users\\0\\Documents\\PSoC Creator\\Workspace05\\"
 351      73657273 
 351      5C305C44 
 351      6F63756D 
 351      656E7473 
 352 004f 52656164 		.ascii	"ReadVoltage.cydsn\000"
 352      566F6C74 
 352      6167652E 
 352      63796473 
 352      6E00
 353              	.LASF9:
 354 0061 75696E74 		.ascii	"uint8\000"
 354      3800
 355              	.LASF5:
 356 0067 6C6F6E67 		.ascii	"long unsigned int\000"
ARM GAS  C:\Users\0\AppData\Local\Temp\ccwJCHvw.s 			page 8


 356      20756E73 
 356      69676E65 
 356      6420696E 
 356      7400
 357              	.LASF7:
 358 0079 6C6F6E67 		.ascii	"long long unsigned int\000"
 358      206C6F6E 
 358      6720756E 
 358      7369676E 
 358      65642069 
 359              	.LASF17:
 360 0090 506F7765 		.ascii	"PowerAnalyzer.c\000"
 360      72416E61 
 360      6C797A65 
 360      722E6300 
 361              	.LASF1:
 362 00a0 756E7369 		.ascii	"unsigned char\000"
 362      676E6564 
 362      20636861 
 362      7200
 363              	.LASF20:
 364 00ae 6368616E 		.ascii	"chan\000"
 364      00
 365              	.LASF16:
 366 00b3 474E5520 		.ascii	"GNU C11 5.4.1 20160609 (release) [ARM/embedded-5-br"
 366      43313120 
 366      352E342E 
 366      31203230 
 366      31363036 
 367 00e6 616E6368 		.ascii	"anch revision 237715] -mcpu=cortex-m0plus -mthumb -"
 367      20726576 
 367      6973696F 
 367      6E203233 
 367      37373135 
 368 0119 67202D4F 		.ascii	"g -Og -ffunction-sections -ffat-lto-objects\000"
 368      67202D66 
 368      66756E63 
 368      74696F6E 
 368      2D736563 
 369              	.LASF19:
 370 0145 4144435F 		.ascii	"ADC_Read\000"
 370      52656164 
 370      00
 371              	.LASF13:
 372 014e 63686172 		.ascii	"char\000"
 372      00
 373              	.LASF4:
 374 0153 6C6F6E67 		.ascii	"long int\000"
 374      20696E74 
 374      00
 375              	.LASF22:
 376 015c 4144435F 		.ascii	"ADC_GetResult16\000"
 376      47657452 
 376      6573756C 
 376      74313600 
 377              	.LASF12:
 378 016c 646F7562 		.ascii	"double\000"
ARM GAS  C:\Users\0\AppData\Local\Temp\ccwJCHvw.s 			page 9


 378      6C6500
 379              	.LASF3:
 380 0173 73686F72 		.ascii	"short unsigned int\000"
 380      7420756E 
 380      7369676E 
 380      65642069 
 380      6E7400
 381              	.LASF0:
 382 0186 7369676E 		.ascii	"signed char\000"
 382      65642063 
 382      68617200 
 383              	.LASF14:
 384 0192 6C6F6E67 		.ascii	"long double\000"
 384      20646F75 
 384      626C6500 
 385              	.LASF11:
 386 019e 666C6F61 		.ascii	"float\000"
 386      7400
 387              	.LASF2:
 388 01a4 73686F72 		.ascii	"short int\000"
 388      7420696E 
 388      7400
 389              	.LASF15:
 390 01ae 73697A65 		.ascii	"sizetype\000"
 390      74797065 
 390      00
 391              	.LASF10:
 392 01b7 696E7433 		.ascii	"int32\000"
 392      3200
 393              		.ident	"GCC: (GNU Tools for ARM Embedded Processors) 5.4.1 20160609 (release) [ARM/embedded-5-bran
