ARM GAS  C:\Users\0\AppData\Local\Temp\ccsnfPj7.s 			page 1


   1              		.syntax unified
   2              		.cpu cortex-m0plus
   3              		.fpu softvfp
   4              		.eabi_attribute 20, 1
   5              		.eabi_attribute 21, 1
   6              		.eabi_attribute 23, 3
   7              		.eabi_attribute 24, 1
   8              		.eabi_attribute 25, 1
   9              		.eabi_attribute 26, 1
  10              		.eabi_attribute 30, 1
  11              		.eabi_attribute 34, 0
  12              		.eabi_attribute 18, 4
  13              		.thumb
  14              		.syntax unified
  15              		.file	"trace.c"
  16              		.text
  17              	.Ltext0:
  18              		.cfi_sections	.debug_frame
  19              		.section	.text.vprint,"ax",%progbits
  20              		.align	2
  21              		.global	vprint
  22              		.code	16
  23              		.thumb_func
  24              		.type	vprint, %function
  25              	vprint:
  26              	.LFB34:
  27              		.file 1 "trace.c"
   1:trace.c       **** /* ========================================
   2:trace.c       ****  *
   3:trace.c       ****  * Copyright YOUR COMPANY, THE YEAR
   4:trace.c       ****  * All Rights Reserved
   5:trace.c       ****  * UNPUBLISHED, LICENSED SOFTWARE.
   6:trace.c       ****  *
   7:trace.c       ****  * CONFIDENTIAL AND PROPRIETARY INFORMATION
   8:trace.c       ****  * WHICH IS THE PROPERTY OF your company.
   9:trace.c       ****  *
  10:trace.c       ****  * ========================================
  11:trace.c       **** */
  12:trace.c       **** #include "project.h"
  13:trace.c       **** #include "stdio.h"
  14:trace.c       **** #include "string.h"
  15:trace.c       **** #include "stdarg.h"
  16:trace.c       **** 
  17:trace.c       **** void vprint(const char *fmt, va_list argp)
  18:trace.c       **** {
  28              		.loc 1 18 0
  29              		.cfi_startproc
  30              		@ args = 0, pretend = 0, frame = 200
  31              		@ frame_needed = 0, uses_anonymous_args = 0
  32              	.LVL0:
  33 0000 00B5     		push	{lr}
  34              		.cfi_def_cfa_offset 4
  35              		.cfi_offset 14, -4
  36 0002 B3B0     		sub	sp, sp, #204
  37              		.cfi_def_cfa_offset 208
  38 0004 0A00     		movs	r2, r1
  19:trace.c       ****     char string[200];
ARM GAS  C:\Users\0\AppData\Local\Temp\ccsnfPj7.s 			page 2


  20:trace.c       ****     if(0 < vsprintf(string,fmt,argp)) // build string
  39              		.loc 1 20 0
  40 0006 0100     		movs	r1, r0
  41              	.LVL1:
  42 0008 6846     		mov	r0, sp
  43              	.LVL2:
  44 000a FFF7FEFF 		bl	vsprintf
  45              	.LVL3:
  46 000e 0028     		cmp	r0, #0
  47 0010 02DD     		ble	.L1
  21:trace.c       ****     {
  22:trace.c       ****         UART_UartPutString(string); // send message via UART
  48              		.loc 1 22 0
  49 0012 6846     		mov	r0, sp
  50 0014 FFF7FEFF 		bl	UART_UartPutString
  51              	.LVL4:
  52              	.L1:
  23:trace.c       ****     }
  24:trace.c       **** }
  53              		.loc 1 24 0
  54 0018 33B0     		add	sp, sp, #204
  55              		@ sp needed
  56 001a 00BD     		pop	{pc}
  57              		.cfi_endproc
  58              	.LFE34:
  59              		.size	vprint, .-vprint
  60              		.section	.text.my_printf,"ax",%progbits
  61              		.align	2
  62              		.global	my_printf
  63              		.code	16
  64              		.thumb_func
  65              		.type	my_printf, %function
  66              	my_printf:
  67              	.LFB35:
  25:trace.c       **** 
  26:trace.c       **** void my_printf(const char *fmt, ...) // custom printf() function
  27:trace.c       **** {
  68              		.loc 1 27 0
  69              		.cfi_startproc
  70              		@ args = 4, pretend = 16, frame = 8
  71              		@ frame_needed = 0, uses_anonymous_args = 1
  72              	.LVL5:
  73 0000 0FB4     		push	{r0, r1, r2, r3}
  74              		.cfi_def_cfa_offset 16
  75 0002 00B5     		push	{lr}
  76              		.cfi_def_cfa_offset 20
  77              		.cfi_offset 14, -20
  78 0004 83B0     		sub	sp, sp, #12
  79              		.cfi_def_cfa_offset 32
  80 0006 04A9     		add	r1, sp, #16
  81 0008 01C9     		ldmia	r1!, {r0}
  28:trace.c       ****     va_list argp;
  29:trace.c       ****     va_start(argp, fmt);
  82              		.loc 1 29 0
  83 000a 0191     		str	r1, [sp, #4]
  30:trace.c       ****     vprint(fmt, argp);
  84              		.loc 1 30 0
ARM GAS  C:\Users\0\AppData\Local\Temp\ccsnfPj7.s 			page 3


  85 000c FFF7FEFF 		bl	vprint
  86              	.LVL6:
  31:trace.c       ****     va_end(argp);
  32:trace.c       **** }
  87              		.loc 1 32 0
  88 0010 03B0     		add	sp, sp, #12
  89              		@ sp needed
  90 0012 08BC     		pop	{r3}
  91 0014 04B0     		add	sp, sp, #16
  92 0016 1847     		bx	r3
  93              		.cfi_endproc
  94              	.LFE35:
  95              		.size	my_printf, .-my_printf
  96              		.text
  97              	.Letext0:
  98              		.file 2 "c:\\program files (x86)\\cypress\\psoc creator\\4.2\\psoc creator\\import\\gnu\\arm\\5.4.
  99              		.file 3 "c:\\program files (x86)\\cypress\\psoc creator\\4.2\\psoc creator\\import\\gnu\\arm\\5.4.
 100              		.file 4 "Generated_Source\\PSoC4/UART_SPI_UART.h"
 101              		.file 5 "<built-in>"
 102              		.section	.debug_info,"",%progbits
 103              	.Ldebug_info0:
 104 0000 A4010000 		.4byte	0x1a4
 105 0004 0400     		.2byte	0x4
 106 0006 00000000 		.4byte	.Ldebug_abbrev0
 107 000a 04       		.byte	0x4
 108 000b 01       		.uleb128 0x1
 109 000c 93000000 		.4byte	.LASF22
 110 0010 0C       		.byte	0xc
 111 0011 9A010000 		.4byte	.LASF23
 112 0015 1B000000 		.4byte	.LASF24
 113 0019 00000000 		.4byte	.Ldebug_ranges0+0
 114 001d 00000000 		.4byte	0
 115 0021 00000000 		.4byte	.Ldebug_line0
 116 0025 02       		.uleb128 0x2
 117 0026 01       		.byte	0x1
 118 0027 06       		.byte	0x6
 119 0028 82010000 		.4byte	.LASF0
 120 002c 02       		.uleb128 0x2
 121 002d 01       		.byte	0x1
 122 002e 08       		.byte	0x8
 123 002f 7C000000 		.4byte	.LASF1
 124 0033 02       		.uleb128 0x2
 125 0034 02       		.byte	0x2
 126 0035 05       		.byte	0x5
 127 0036 44010000 		.4byte	.LASF2
 128 003a 02       		.uleb128 0x2
 129 003b 02       		.byte	0x2
 130 003c 07       		.byte	0x7
 131 003d 6F010000 		.4byte	.LASF3
 132 0041 02       		.uleb128 0x2
 133 0042 04       		.byte	0x4
 134 0043 05       		.byte	0x5
 135 0044 3B010000 		.4byte	.LASF4
 136 0048 02       		.uleb128 0x2
 137 0049 04       		.byte	0x4
 138 004a 07       		.byte	0x7
 139 004b 5D010000 		.4byte	.LASF5
ARM GAS  C:\Users\0\AppData\Local\Temp\ccsnfPj7.s 			page 4


 140 004f 02       		.uleb128 0x2
 141 0050 08       		.byte	0x8
 142 0051 05       		.byte	0x5
 143 0052 00000000 		.4byte	.LASF6
 144 0056 02       		.uleb128 0x2
 145 0057 08       		.byte	0x8
 146 0058 07       		.byte	0x7
 147 0059 65000000 		.4byte	.LASF7
 148 005d 03       		.uleb128 0x3
 149 005e 04       		.byte	0x4
 150 005f 05       		.byte	0x5
 151 0060 696E7400 		.ascii	"int\000"
 152 0064 02       		.uleb128 0x2
 153 0065 04       		.byte	0x4
 154 0066 07       		.byte	0x7
 155 0067 0E000000 		.4byte	.LASF8
 156 006b 02       		.uleb128 0x2
 157 006c 04       		.byte	0x4
 158 006d 04       		.byte	0x4
 159 006e B8010000 		.4byte	.LASF9
 160 0072 02       		.uleb128 0x2
 161 0073 08       		.byte	0x8
 162 0074 04       		.byte	0x4
 163 0075 56010000 		.4byte	.LASF10
 164 0079 02       		.uleb128 0x2
 165 007a 01       		.byte	0x1
 166 007b 08       		.byte	0x8
 167 007c 2F010000 		.4byte	.LASF11
 168 0080 02       		.uleb128 0x2
 169 0081 08       		.byte	0x8
 170 0082 04       		.byte	0x4
 171 0083 8E010000 		.4byte	.LASF12
 172 0087 02       		.uleb128 0x2
 173 0088 04       		.byte	0x4
 174 0089 07       		.byte	0x7
 175 008a D6010000 		.4byte	.LASF13
 176 008e 04       		.uleb128 0x4
 177 008f 04       		.byte	0x4
 178 0090 05       		.uleb128 0x5
 179 0091 04       		.byte	0x4
 180 0092 96000000 		.4byte	0x96
 181 0096 06       		.uleb128 0x6
 182 0097 79000000 		.4byte	0x79
 183 009b 07       		.uleb128 0x7
 184 009c A9010000 		.4byte	.LASF14
 185 00a0 02       		.byte	0x2
 186 00a1 28       		.byte	0x28
 187 00a2 A6000000 		.4byte	0xa6
 188 00a6 08       		.uleb128 0x8
 189 00a7 25010000 		.4byte	.LASF25
 190 00ab 04       		.byte	0x4
 191 00ac 05       		.byte	0x5
 192 00ad 00       		.byte	0
 193 00ae BD000000 		.4byte	0xbd
 194 00b2 09       		.uleb128 0x9
 195 00b3 DF010000 		.4byte	.LASF26
 196 00b7 8E000000 		.4byte	0x8e
ARM GAS  C:\Users\0\AppData\Local\Temp\ccsnfPj7.s 			page 5


 197 00bb 00       		.byte	0
 198 00bc 00       		.byte	0
 199 00bd 07       		.uleb128 0x7
 200 00be 4E010000 		.4byte	.LASF15
 201 00c2 02       		.byte	0x2
 202 00c3 62       		.byte	0x62
 203 00c4 9B000000 		.4byte	0x9b
 204 00c8 0A       		.uleb128 0xa
 205 00c9 A2010000 		.4byte	.LASF17
 206 00cd 01       		.byte	0x1
 207 00ce 11       		.byte	0x11
 208 00cf 00000000 		.4byte	.LFB34
 209 00d3 1C000000 		.4byte	.LFE34-.LFB34
 210 00d7 01       		.uleb128 0x1
 211 00d8 9C       		.byte	0x9c
 212 00d9 36010000 		.4byte	0x136
 213 00dd 0B       		.uleb128 0xb
 214 00de 666D7400 		.ascii	"fmt\000"
 215 00e2 01       		.byte	0x1
 216 00e3 11       		.byte	0x11
 217 00e4 90000000 		.4byte	0x90
 218 00e8 00000000 		.4byte	.LLST0
 219 00ec 0C       		.uleb128 0xc
 220 00ed BE010000 		.4byte	.LASF16
 221 00f1 01       		.byte	0x1
 222 00f2 11       		.byte	0x11
 223 00f3 BD000000 		.4byte	0xbd
 224 00f7 2C000000 		.4byte	.LLST1
 225 00fb 0D       		.uleb128 0xd
 226 00fc 34010000 		.4byte	.LASF19
 227 0100 01       		.byte	0x1
 228 0101 13       		.byte	0x13
 229 0102 36010000 		.4byte	0x136
 230 0106 03       		.uleb128 0x3
 231 0107 91       		.byte	0x91
 232 0108 B07E     		.sleb128 -208
 233 010a 0E       		.uleb128 0xe
 234 010b 0E000000 		.4byte	.LVL3
 235 010f 90010000 		.4byte	0x190
 236 0113 25010000 		.4byte	0x125
 237 0117 0F       		.uleb128 0xf
 238 0118 01       		.uleb128 0x1
 239 0119 50       		.byte	0x50
 240 011a 02       		.uleb128 0x2
 241 011b 7D       		.byte	0x7d
 242 011c 00       		.sleb128 0
 243 011d 0F       		.uleb128 0xf
 244 011e 01       		.uleb128 0x1
 245 011f 51       		.byte	0x51
 246 0120 03       		.uleb128 0x3
 247 0121 F3       		.byte	0xf3
 248 0122 01       		.uleb128 0x1
 249 0123 50       		.byte	0x50
 250 0124 00       		.byte	0
 251 0125 10       		.uleb128 0x10
 252 0126 18000000 		.4byte	.LVL4
 253 012a 9B010000 		.4byte	0x19b
ARM GAS  C:\Users\0\AppData\Local\Temp\ccsnfPj7.s 			page 6


 254 012e 0F       		.uleb128 0xf
 255 012f 01       		.uleb128 0x1
 256 0130 50       		.byte	0x50
 257 0131 02       		.uleb128 0x2
 258 0132 7D       		.byte	0x7d
 259 0133 00       		.sleb128 0
 260 0134 00       		.byte	0
 261 0135 00       		.byte	0
 262 0136 11       		.uleb128 0x11
 263 0137 79000000 		.4byte	0x79
 264 013b 46010000 		.4byte	0x146
 265 013f 12       		.uleb128 0x12
 266 0140 87000000 		.4byte	0x87
 267 0144 C7       		.byte	0xc7
 268 0145 00       		.byte	0
 269 0146 0A       		.uleb128 0xa
 270 0147 5B000000 		.4byte	.LASF18
 271 014b 01       		.byte	0x1
 272 014c 1A       		.byte	0x1a
 273 014d 00000000 		.4byte	.LFB35
 274 0151 18000000 		.4byte	.LFE35-.LFB35
 275 0155 01       		.uleb128 0x1
 276 0156 9C       		.byte	0x9c
 277 0157 90010000 		.4byte	0x190
 278 015b 13       		.uleb128 0x13
 279 015c 666D7400 		.ascii	"fmt\000"
 280 0160 01       		.byte	0x1
 281 0161 1A       		.byte	0x1a
 282 0162 90000000 		.4byte	0x90
 283 0166 02       		.uleb128 0x2
 284 0167 91       		.byte	0x91
 285 0168 70       		.sleb128 -16
 286 0169 14       		.uleb128 0x14
 287 016a 0D       		.uleb128 0xd
 288 016b BE010000 		.4byte	.LASF16
 289 016f 01       		.byte	0x1
 290 0170 1C       		.byte	0x1c
 291 0171 BD000000 		.4byte	0xbd
 292 0175 02       		.uleb128 0x2
 293 0176 91       		.byte	0x91
 294 0177 64       		.sleb128 -28
 295 0178 10       		.uleb128 0x10
 296 0179 10000000 		.4byte	.LVL6
 297 017d C8000000 		.4byte	0xc8
 298 0181 0F       		.uleb128 0xf
 299 0182 01       		.uleb128 0x1
 300 0183 50       		.byte	0x50
 301 0184 03       		.uleb128 0x3
 302 0185 91       		.byte	0x91
 303 0186 50       		.sleb128 -48
 304 0187 06       		.byte	0x6
 305 0188 0F       		.uleb128 0xf
 306 0189 01       		.uleb128 0x1
 307 018a 51       		.byte	0x51
 308 018b 02       		.uleb128 0x2
 309 018c 91       		.byte	0x91
 310 018d 54       		.sleb128 -44
ARM GAS  C:\Users\0\AppData\Local\Temp\ccsnfPj7.s 			page 7


 311 018e 00       		.byte	0
 312 018f 00       		.byte	0
 313 0190 15       		.uleb128 0x15
 314 0191 8A000000 		.4byte	.LASF20
 315 0195 8A000000 		.4byte	.LASF20
 316 0199 03       		.byte	0x3
 317 019a C5       		.byte	0xc5
 318 019b 16       		.uleb128 0x16
 319 019c C3010000 		.4byte	.LASF21
 320 01a0 C3010000 		.4byte	.LASF21
 321 01a4 04       		.byte	0x4
 322 01a5 2A03     		.2byte	0x32a
 323 01a7 00       		.byte	0
 324              		.section	.debug_abbrev,"",%progbits
 325              	.Ldebug_abbrev0:
 326 0000 01       		.uleb128 0x1
 327 0001 11       		.uleb128 0x11
 328 0002 01       		.byte	0x1
 329 0003 25       		.uleb128 0x25
 330 0004 0E       		.uleb128 0xe
 331 0005 13       		.uleb128 0x13
 332 0006 0B       		.uleb128 0xb
 333 0007 03       		.uleb128 0x3
 334 0008 0E       		.uleb128 0xe
 335 0009 1B       		.uleb128 0x1b
 336 000a 0E       		.uleb128 0xe
 337 000b 55       		.uleb128 0x55
 338 000c 17       		.uleb128 0x17
 339 000d 11       		.uleb128 0x11
 340 000e 01       		.uleb128 0x1
 341 000f 10       		.uleb128 0x10
 342 0010 17       		.uleb128 0x17
 343 0011 00       		.byte	0
 344 0012 00       		.byte	0
 345 0013 02       		.uleb128 0x2
 346 0014 24       		.uleb128 0x24
 347 0015 00       		.byte	0
 348 0016 0B       		.uleb128 0xb
 349 0017 0B       		.uleb128 0xb
 350 0018 3E       		.uleb128 0x3e
 351 0019 0B       		.uleb128 0xb
 352 001a 03       		.uleb128 0x3
 353 001b 0E       		.uleb128 0xe
 354 001c 00       		.byte	0
 355 001d 00       		.byte	0
 356 001e 03       		.uleb128 0x3
 357 001f 24       		.uleb128 0x24
 358 0020 00       		.byte	0
 359 0021 0B       		.uleb128 0xb
 360 0022 0B       		.uleb128 0xb
 361 0023 3E       		.uleb128 0x3e
 362 0024 0B       		.uleb128 0xb
 363 0025 03       		.uleb128 0x3
 364 0026 08       		.uleb128 0x8
 365 0027 00       		.byte	0
 366 0028 00       		.byte	0
 367 0029 04       		.uleb128 0x4
ARM GAS  C:\Users\0\AppData\Local\Temp\ccsnfPj7.s 			page 8


 368 002a 0F       		.uleb128 0xf
 369 002b 00       		.byte	0
 370 002c 0B       		.uleb128 0xb
 371 002d 0B       		.uleb128 0xb
 372 002e 00       		.byte	0
 373 002f 00       		.byte	0
 374 0030 05       		.uleb128 0x5
 375 0031 0F       		.uleb128 0xf
 376 0032 00       		.byte	0
 377 0033 0B       		.uleb128 0xb
 378 0034 0B       		.uleb128 0xb
 379 0035 49       		.uleb128 0x49
 380 0036 13       		.uleb128 0x13
 381 0037 00       		.byte	0
 382 0038 00       		.byte	0
 383 0039 06       		.uleb128 0x6
 384 003a 26       		.uleb128 0x26
 385 003b 00       		.byte	0
 386 003c 49       		.uleb128 0x49
 387 003d 13       		.uleb128 0x13
 388 003e 00       		.byte	0
 389 003f 00       		.byte	0
 390 0040 07       		.uleb128 0x7
 391 0041 16       		.uleb128 0x16
 392 0042 00       		.byte	0
 393 0043 03       		.uleb128 0x3
 394 0044 0E       		.uleb128 0xe
 395 0045 3A       		.uleb128 0x3a
 396 0046 0B       		.uleb128 0xb
 397 0047 3B       		.uleb128 0x3b
 398 0048 0B       		.uleb128 0xb
 399 0049 49       		.uleb128 0x49
 400 004a 13       		.uleb128 0x13
 401 004b 00       		.byte	0
 402 004c 00       		.byte	0
 403 004d 08       		.uleb128 0x8
 404 004e 13       		.uleb128 0x13
 405 004f 01       		.byte	0x1
 406 0050 03       		.uleb128 0x3
 407 0051 0E       		.uleb128 0xe
 408 0052 0B       		.uleb128 0xb
 409 0053 0B       		.uleb128 0xb
 410 0054 3A       		.uleb128 0x3a
 411 0055 0B       		.uleb128 0xb
 412 0056 3B       		.uleb128 0x3b
 413 0057 0B       		.uleb128 0xb
 414 0058 01       		.uleb128 0x1
 415 0059 13       		.uleb128 0x13
 416 005a 00       		.byte	0
 417 005b 00       		.byte	0
 418 005c 09       		.uleb128 0x9
 419 005d 0D       		.uleb128 0xd
 420 005e 00       		.byte	0
 421 005f 03       		.uleb128 0x3
 422 0060 0E       		.uleb128 0xe
 423 0061 49       		.uleb128 0x49
 424 0062 13       		.uleb128 0x13
ARM GAS  C:\Users\0\AppData\Local\Temp\ccsnfPj7.s 			page 9


 425 0063 38       		.uleb128 0x38
 426 0064 0B       		.uleb128 0xb
 427 0065 34       		.uleb128 0x34
 428 0066 19       		.uleb128 0x19
 429 0067 00       		.byte	0
 430 0068 00       		.byte	0
 431 0069 0A       		.uleb128 0xa
 432 006a 2E       		.uleb128 0x2e
 433 006b 01       		.byte	0x1
 434 006c 3F       		.uleb128 0x3f
 435 006d 19       		.uleb128 0x19
 436 006e 03       		.uleb128 0x3
 437 006f 0E       		.uleb128 0xe
 438 0070 3A       		.uleb128 0x3a
 439 0071 0B       		.uleb128 0xb
 440 0072 3B       		.uleb128 0x3b
 441 0073 0B       		.uleb128 0xb
 442 0074 27       		.uleb128 0x27
 443 0075 19       		.uleb128 0x19
 444 0076 11       		.uleb128 0x11
 445 0077 01       		.uleb128 0x1
 446 0078 12       		.uleb128 0x12
 447 0079 06       		.uleb128 0x6
 448 007a 40       		.uleb128 0x40
 449 007b 18       		.uleb128 0x18
 450 007c 9742     		.uleb128 0x2117
 451 007e 19       		.uleb128 0x19
 452 007f 01       		.uleb128 0x1
 453 0080 13       		.uleb128 0x13
 454 0081 00       		.byte	0
 455 0082 00       		.byte	0
 456 0083 0B       		.uleb128 0xb
 457 0084 05       		.uleb128 0x5
 458 0085 00       		.byte	0
 459 0086 03       		.uleb128 0x3
 460 0087 08       		.uleb128 0x8
 461 0088 3A       		.uleb128 0x3a
 462 0089 0B       		.uleb128 0xb
 463 008a 3B       		.uleb128 0x3b
 464 008b 0B       		.uleb128 0xb
 465 008c 49       		.uleb128 0x49
 466 008d 13       		.uleb128 0x13
 467 008e 02       		.uleb128 0x2
 468 008f 17       		.uleb128 0x17
 469 0090 00       		.byte	0
 470 0091 00       		.byte	0
 471 0092 0C       		.uleb128 0xc
 472 0093 05       		.uleb128 0x5
 473 0094 00       		.byte	0
 474 0095 03       		.uleb128 0x3
 475 0096 0E       		.uleb128 0xe
 476 0097 3A       		.uleb128 0x3a
 477 0098 0B       		.uleb128 0xb
 478 0099 3B       		.uleb128 0x3b
 479 009a 0B       		.uleb128 0xb
 480 009b 49       		.uleb128 0x49
 481 009c 13       		.uleb128 0x13
ARM GAS  C:\Users\0\AppData\Local\Temp\ccsnfPj7.s 			page 10


 482 009d 02       		.uleb128 0x2
 483 009e 17       		.uleb128 0x17
 484 009f 00       		.byte	0
 485 00a0 00       		.byte	0
 486 00a1 0D       		.uleb128 0xd
 487 00a2 34       		.uleb128 0x34
 488 00a3 00       		.byte	0
 489 00a4 03       		.uleb128 0x3
 490 00a5 0E       		.uleb128 0xe
 491 00a6 3A       		.uleb128 0x3a
 492 00a7 0B       		.uleb128 0xb
 493 00a8 3B       		.uleb128 0x3b
 494 00a9 0B       		.uleb128 0xb
 495 00aa 49       		.uleb128 0x49
 496 00ab 13       		.uleb128 0x13
 497 00ac 02       		.uleb128 0x2
 498 00ad 18       		.uleb128 0x18
 499 00ae 00       		.byte	0
 500 00af 00       		.byte	0
 501 00b0 0E       		.uleb128 0xe
 502 00b1 898201   		.uleb128 0x4109
 503 00b4 01       		.byte	0x1
 504 00b5 11       		.uleb128 0x11
 505 00b6 01       		.uleb128 0x1
 506 00b7 31       		.uleb128 0x31
 507 00b8 13       		.uleb128 0x13
 508 00b9 01       		.uleb128 0x1
 509 00ba 13       		.uleb128 0x13
 510 00bb 00       		.byte	0
 511 00bc 00       		.byte	0
 512 00bd 0F       		.uleb128 0xf
 513 00be 8A8201   		.uleb128 0x410a
 514 00c1 00       		.byte	0
 515 00c2 02       		.uleb128 0x2
 516 00c3 18       		.uleb128 0x18
 517 00c4 9142     		.uleb128 0x2111
 518 00c6 18       		.uleb128 0x18
 519 00c7 00       		.byte	0
 520 00c8 00       		.byte	0
 521 00c9 10       		.uleb128 0x10
 522 00ca 898201   		.uleb128 0x4109
 523 00cd 01       		.byte	0x1
 524 00ce 11       		.uleb128 0x11
 525 00cf 01       		.uleb128 0x1
 526 00d0 31       		.uleb128 0x31
 527 00d1 13       		.uleb128 0x13
 528 00d2 00       		.byte	0
 529 00d3 00       		.byte	0
 530 00d4 11       		.uleb128 0x11
 531 00d5 01       		.uleb128 0x1
 532 00d6 01       		.byte	0x1
 533 00d7 49       		.uleb128 0x49
 534 00d8 13       		.uleb128 0x13
 535 00d9 01       		.uleb128 0x1
 536 00da 13       		.uleb128 0x13
 537 00db 00       		.byte	0
 538 00dc 00       		.byte	0
ARM GAS  C:\Users\0\AppData\Local\Temp\ccsnfPj7.s 			page 11


 539 00dd 12       		.uleb128 0x12
 540 00de 21       		.uleb128 0x21
 541 00df 00       		.byte	0
 542 00e0 49       		.uleb128 0x49
 543 00e1 13       		.uleb128 0x13
 544 00e2 2F       		.uleb128 0x2f
 545 00e3 0B       		.uleb128 0xb
 546 00e4 00       		.byte	0
 547 00e5 00       		.byte	0
 548 00e6 13       		.uleb128 0x13
 549 00e7 05       		.uleb128 0x5
 550 00e8 00       		.byte	0
 551 00e9 03       		.uleb128 0x3
 552 00ea 08       		.uleb128 0x8
 553 00eb 3A       		.uleb128 0x3a
 554 00ec 0B       		.uleb128 0xb
 555 00ed 3B       		.uleb128 0x3b
 556 00ee 0B       		.uleb128 0xb
 557 00ef 49       		.uleb128 0x49
 558 00f0 13       		.uleb128 0x13
 559 00f1 02       		.uleb128 0x2
 560 00f2 18       		.uleb128 0x18
 561 00f3 00       		.byte	0
 562 00f4 00       		.byte	0
 563 00f5 14       		.uleb128 0x14
 564 00f6 18       		.uleb128 0x18
 565 00f7 00       		.byte	0
 566 00f8 00       		.byte	0
 567 00f9 00       		.byte	0
 568 00fa 15       		.uleb128 0x15
 569 00fb 2E       		.uleb128 0x2e
 570 00fc 00       		.byte	0
 571 00fd 3F       		.uleb128 0x3f
 572 00fe 19       		.uleb128 0x19
 573 00ff 3C       		.uleb128 0x3c
 574 0100 19       		.uleb128 0x19
 575 0101 6E       		.uleb128 0x6e
 576 0102 0E       		.uleb128 0xe
 577 0103 03       		.uleb128 0x3
 578 0104 0E       		.uleb128 0xe
 579 0105 3A       		.uleb128 0x3a
 580 0106 0B       		.uleb128 0xb
 581 0107 3B       		.uleb128 0x3b
 582 0108 0B       		.uleb128 0xb
 583 0109 00       		.byte	0
 584 010a 00       		.byte	0
 585 010b 16       		.uleb128 0x16
 586 010c 2E       		.uleb128 0x2e
 587 010d 00       		.byte	0
 588 010e 3F       		.uleb128 0x3f
 589 010f 19       		.uleb128 0x19
 590 0110 3C       		.uleb128 0x3c
 591 0111 19       		.uleb128 0x19
 592 0112 6E       		.uleb128 0x6e
 593 0113 0E       		.uleb128 0xe
 594 0114 03       		.uleb128 0x3
 595 0115 0E       		.uleb128 0xe
ARM GAS  C:\Users\0\AppData\Local\Temp\ccsnfPj7.s 			page 12


 596 0116 3A       		.uleb128 0x3a
 597 0117 0B       		.uleb128 0xb
 598 0118 3B       		.uleb128 0x3b
 599 0119 05       		.uleb128 0x5
 600 011a 00       		.byte	0
 601 011b 00       		.byte	0
 602 011c 00       		.byte	0
 603              		.section	.debug_loc,"",%progbits
 604              	.Ldebug_loc0:
 605              	.LLST0:
 606 0000 00000000 		.4byte	.LVL0
 607 0004 0A000000 		.4byte	.LVL2
 608 0008 0100     		.2byte	0x1
 609 000a 50       		.byte	0x50
 610 000b 0A000000 		.4byte	.LVL2
 611 000f 0D000000 		.4byte	.LVL3-1
 612 0013 0100     		.2byte	0x1
 613 0015 51       		.byte	0x51
 614 0016 0D000000 		.4byte	.LVL3-1
 615 001a 1C000000 		.4byte	.LFE34
 616 001e 0400     		.2byte	0x4
 617 0020 F3       		.byte	0xf3
 618 0021 01       		.uleb128 0x1
 619 0022 50       		.byte	0x50
 620 0023 9F       		.byte	0x9f
 621 0024 00000000 		.4byte	0
 622 0028 00000000 		.4byte	0
 623              	.LLST1:
 624 002c 00000000 		.4byte	.LVL0
 625 0030 08000000 		.4byte	.LVL1
 626 0034 0100     		.2byte	0x1
 627 0036 51       		.byte	0x51
 628 0037 00000000 		.4byte	0
 629 003b 00000000 		.4byte	0
 630              		.section	.debug_aranges,"",%progbits
 631 0000 24000000 		.4byte	0x24
 632 0004 0200     		.2byte	0x2
 633 0006 00000000 		.4byte	.Ldebug_info0
 634 000a 04       		.byte	0x4
 635 000b 00       		.byte	0
 636 000c 0000     		.2byte	0
 637 000e 0000     		.2byte	0
 638 0010 00000000 		.4byte	.LFB34
 639 0014 1C000000 		.4byte	.LFE34-.LFB34
 640 0018 00000000 		.4byte	.LFB35
 641 001c 18000000 		.4byte	.LFE35-.LFB35
 642 0020 00000000 		.4byte	0
 643 0024 00000000 		.4byte	0
 644              		.section	.debug_ranges,"",%progbits
 645              	.Ldebug_ranges0:
 646 0000 00000000 		.4byte	.LFB34
 647 0004 1C000000 		.4byte	.LFE34
 648 0008 00000000 		.4byte	.LFB35
 649 000c 18000000 		.4byte	.LFE35
 650 0010 00000000 		.4byte	0
 651 0014 00000000 		.4byte	0
 652              		.section	.debug_line,"",%progbits
ARM GAS  C:\Users\0\AppData\Local\Temp\ccsnfPj7.s 			page 13


 653              	.Ldebug_line0:
 654 0000 75010000 		.section	.debug_str,"MS",%progbits,1
 654      02004B01 
 654      00000201 
 654      FB0E0D00 
 654      01010101 
 655              	.LASF6:
 656 0000 6C6F6E67 		.ascii	"long long int\000"
 656      206C6F6E 
 656      6720696E 
 656      7400
 657              	.LASF8:
 658 000e 756E7369 		.ascii	"unsigned int\000"
 658      676E6564 
 658      20696E74 
 658      00
 659              	.LASF24:
 660 001b 433A5C55 		.ascii	"C:\\Users\\0\\Documents\\PSoC Creator\\Workspace05\\"
 660      73657273 
 660      5C305C44 
 660      6F63756D 
 660      656E7473 
 661 0049 52656164 		.ascii	"ReadVoltage.cydsn\000"
 661      566F6C74 
 661      6167652E 
 661      63796473 
 661      6E00
 662              	.LASF18:
 663 005b 6D795F70 		.ascii	"my_printf\000"
 663      72696E74 
 663      6600
 664              	.LASF7:
 665 0065 6C6F6E67 		.ascii	"long long unsigned int\000"
 665      206C6F6E 
 665      6720756E 
 665      7369676E 
 665      65642069 
 666              	.LASF1:
 667 007c 756E7369 		.ascii	"unsigned char\000"
 667      676E6564 
 667      20636861 
 667      7200
 668              	.LASF20:
 669 008a 76737072 		.ascii	"vsprintf\000"
 669      696E7466 
 669      00
 670              	.LASF22:
 671 0093 474E5520 		.ascii	"GNU C11 5.4.1 20160609 (release) [ARM/embedded-5-br"
 671      43313120 
 671      352E342E 
 671      31203230 
 671      31363036 
 672 00c6 616E6368 		.ascii	"anch revision 237715] -mcpu=cortex-m0plus -mthumb -"
 672      20726576 
 672      6973696F 
 672      6E203233 
 672      37373135 
ARM GAS  C:\Users\0\AppData\Local\Temp\ccsnfPj7.s 			page 14


 673 00f9 67202D4F 		.ascii	"g -Og -ffunction-sections -ffat-lto-objects\000"
 673      67202D66 
 673      66756E63 
 673      74696F6E 
 673      2D736563 
 674              	.LASF25:
 675 0125 5F5F7661 		.ascii	"__va_list\000"
 675      5F6C6973 
 675      7400
 676              	.LASF11:
 677 012f 63686172 		.ascii	"char\000"
 677      00
 678              	.LASF19:
 679 0134 73747269 		.ascii	"string\000"
 679      6E6700
 680              	.LASF4:
 681 013b 6C6F6E67 		.ascii	"long int\000"
 681      20696E74 
 681      00
 682              	.LASF2:
 683 0144 73686F72 		.ascii	"short int\000"
 683      7420696E 
 683      7400
 684              	.LASF15:
 685 014e 76615F6C 		.ascii	"va_list\000"
 685      69737400 
 686              	.LASF10:
 687 0156 646F7562 		.ascii	"double\000"
 687      6C6500
 688              	.LASF5:
 689 015d 6C6F6E67 		.ascii	"long unsigned int\000"
 689      20756E73 
 689      69676E65 
 689      6420696E 
 689      7400
 690              	.LASF3:
 691 016f 73686F72 		.ascii	"short unsigned int\000"
 691      7420756E 
 691      7369676E 
 691      65642069 
 691      6E7400
 692              	.LASF0:
 693 0182 7369676E 		.ascii	"signed char\000"
 693      65642063 
 693      68617200 
 694              	.LASF12:
 695 018e 6C6F6E67 		.ascii	"long double\000"
 695      20646F75 
 695      626C6500 
 696              	.LASF23:
 697 019a 74726163 		.ascii	"trace.c\000"
 697      652E6300 
 698              	.LASF17:
 699 01a2 76707269 		.ascii	"vprint\000"
 699      6E7400
 700              	.LASF14:
 701 01a9 5F5F676E 		.ascii	"__gnuc_va_list\000"
ARM GAS  C:\Users\0\AppData\Local\Temp\ccsnfPj7.s 			page 15


 701      75635F76 
 701      615F6C69 
 701      737400
 702              	.LASF9:
 703 01b8 666C6F61 		.ascii	"float\000"
 703      7400
 704              	.LASF16:
 705 01be 61726770 		.ascii	"argp\000"
 705      00
 706              	.LASF21:
 707 01c3 55415254 		.ascii	"UART_UartPutString\000"
 707      5F556172 
 707      74507574 
 707      53747269 
 707      6E6700
 708              	.LASF13:
 709 01d6 73697A65 		.ascii	"sizetype\000"
 709      74797065 
 709      00
 710              	.LASF26:
 711 01df 5F5F6170 		.ascii	"__ap\000"
 711      00
 712              		.ident	"GCC: (GNU Tools for ARM Embedded Processors) 5.4.1 20160609 (release) [ARM/embedded-5-bran
