ARM GAS  C:\Users\0\AppData\Local\Temp\ccrE44uv.s 			page 1


   1              		.syntax unified
   2              		.cpu cortex-m0
   3              		.fpu softvfp
   4              		.eabi_attribute 20, 1
   5              		.eabi_attribute 21, 1
   6              		.eabi_attribute 23, 3
   7              		.eabi_attribute 24, 1
   8              		.eabi_attribute 25, 1
   9              		.eabi_attribute 26, 1
  10              		.eabi_attribute 30, 1
  11              		.eabi_attribute 34, 0
  12              		.eabi_attribute 18, 4
  13              		.thumb
  14              		.syntax unified
  15              		.file	"cyfitter_cfg.c"
  16              		.text
  17              	.Ltext0:
  18              		.cfi_sections	.debug_frame
  19              		.section	.text.CYMEMZERO,"ax",%progbits
  20              		.align	2
  21              		.code	16
  22              		.thumb_func
  23              		.type	CYMEMZERO, %function
  24              	CYMEMZERO:
  25              	.LFB0:
  26              		.file 1 "Generated_Source\\PSoC4\\cyfitter_cfg.c"
   1:Generated_Source\PSoC4/cyfitter_cfg.c **** 
   2:Generated_Source\PSoC4/cyfitter_cfg.c **** /*******************************************************************************
   3:Generated_Source\PSoC4/cyfitter_cfg.c **** * File Name: cyfitter_cfg.c
   4:Generated_Source\PSoC4/cyfitter_cfg.c **** * 
   5:Generated_Source\PSoC4/cyfitter_cfg.c **** * PSoC Creator  4.2
   6:Generated_Source\PSoC4/cyfitter_cfg.c **** *
   7:Generated_Source\PSoC4/cyfitter_cfg.c **** * Description:
   8:Generated_Source\PSoC4/cyfitter_cfg.c **** * This file contains device initialization code.
   9:Generated_Source\PSoC4/cyfitter_cfg.c **** * Except for the user defined sections in CyClockStartupError(), this file should not be modified.
  10:Generated_Source\PSoC4/cyfitter_cfg.c **** * This file is automatically generated by PSoC Creator.
  11:Generated_Source\PSoC4/cyfitter_cfg.c **** *
  12:Generated_Source\PSoC4/cyfitter_cfg.c **** ********************************************************************************
  13:Generated_Source\PSoC4/cyfitter_cfg.c **** * Copyright (c) 2007-2018 Cypress Semiconductor.  All rights reserved.
  14:Generated_Source\PSoC4/cyfitter_cfg.c **** * You may use this file only in accordance with the license, terms, conditions, 
  15:Generated_Source\PSoC4/cyfitter_cfg.c **** * disclaimers, and limitations in the end user license agreement accompanying 
  16:Generated_Source\PSoC4/cyfitter_cfg.c **** * the software package with which this file was provided.
  17:Generated_Source\PSoC4/cyfitter_cfg.c **** ********************************************************************************/
  18:Generated_Source\PSoC4/cyfitter_cfg.c **** 
  19:Generated_Source\PSoC4/cyfitter_cfg.c **** #include <string.h>
  20:Generated_Source\PSoC4/cyfitter_cfg.c **** #include "cytypes.h"
  21:Generated_Source\PSoC4/cyfitter_cfg.c **** #include "cydevice_trm.h"
  22:Generated_Source\PSoC4/cyfitter_cfg.c **** #include "cyfitter.h"
  23:Generated_Source\PSoC4/cyfitter_cfg.c **** #include "CyLib.h"
  24:Generated_Source\PSoC4/cyfitter_cfg.c **** #include "CyLFClk.h"
  25:Generated_Source\PSoC4/cyfitter_cfg.c **** #include "cyfitter_cfg.h"
  26:Generated_Source\PSoC4/cyfitter_cfg.c **** #include "cyapicallbacks.h"
  27:Generated_Source\PSoC4/cyfitter_cfg.c **** 
  28:Generated_Source\PSoC4/cyfitter_cfg.c **** 
  29:Generated_Source\PSoC4/cyfitter_cfg.c **** #if defined(__GNUC__) || defined(__ARMCC_VERSION)
  30:Generated_Source\PSoC4/cyfitter_cfg.c ****     #define CYPACKED 
  31:Generated_Source\PSoC4/cyfitter_cfg.c ****     #define CYPACKED_ATTR __attribute__ ((packed))
ARM GAS  C:\Users\0\AppData\Local\Temp\ccrE44uv.s 			page 2


  32:Generated_Source\PSoC4/cyfitter_cfg.c ****     #define CYALIGNED __attribute__ ((aligned))
  33:Generated_Source\PSoC4/cyfitter_cfg.c ****     #define CY_CFG_UNUSED __attribute__ ((unused))
  34:Generated_Source\PSoC4/cyfitter_cfg.c ****     #ifndef CY_CFG_SECTION
  35:Generated_Source\PSoC4/cyfitter_cfg.c ****         #define CY_CFG_SECTION __attribute__ ((section(".psocinit")))
  36:Generated_Source\PSoC4/cyfitter_cfg.c ****     #endif
  37:Generated_Source\PSoC4/cyfitter_cfg.c ****     
  38:Generated_Source\PSoC4/cyfitter_cfg.c ****     #if defined(__ARMCC_VERSION)
  39:Generated_Source\PSoC4/cyfitter_cfg.c ****         #define CY_CFG_MEMORY_BARRIER() __memory_changed()
  40:Generated_Source\PSoC4/cyfitter_cfg.c ****     #else
  41:Generated_Source\PSoC4/cyfitter_cfg.c ****         #define CY_CFG_MEMORY_BARRIER() __sync_synchronize()
  42:Generated_Source\PSoC4/cyfitter_cfg.c ****     #endif
  43:Generated_Source\PSoC4/cyfitter_cfg.c ****     
  44:Generated_Source\PSoC4/cyfitter_cfg.c **** #elif defined(__ICCARM__)
  45:Generated_Source\PSoC4/cyfitter_cfg.c ****     #include <intrinsics.h>
  46:Generated_Source\PSoC4/cyfitter_cfg.c **** 
  47:Generated_Source\PSoC4/cyfitter_cfg.c ****     #define CYPACKED __packed
  48:Generated_Source\PSoC4/cyfitter_cfg.c ****     #define CYPACKED_ATTR 
  49:Generated_Source\PSoC4/cyfitter_cfg.c ****     #define CYALIGNED _Pragma("data_alignment=4")
  50:Generated_Source\PSoC4/cyfitter_cfg.c ****     #define CY_CFG_UNUSED _Pragma("diag_suppress=Pe177")
  51:Generated_Source\PSoC4/cyfitter_cfg.c ****     #define CY_CFG_SECTION _Pragma("location=\".psocinit\"")
  52:Generated_Source\PSoC4/cyfitter_cfg.c ****     
  53:Generated_Source\PSoC4/cyfitter_cfg.c ****     #define CY_CFG_MEMORY_BARRIER() __DMB()
  54:Generated_Source\PSoC4/cyfitter_cfg.c ****     
  55:Generated_Source\PSoC4/cyfitter_cfg.c **** #else
  56:Generated_Source\PSoC4/cyfitter_cfg.c ****     #error Unsupported toolchain
  57:Generated_Source\PSoC4/cyfitter_cfg.c **** #endif
  58:Generated_Source\PSoC4/cyfitter_cfg.c **** 
  59:Generated_Source\PSoC4/cyfitter_cfg.c **** #ifndef CYCODE
  60:Generated_Source\PSoC4/cyfitter_cfg.c ****     #define CYCODE
  61:Generated_Source\PSoC4/cyfitter_cfg.c **** #endif
  62:Generated_Source\PSoC4/cyfitter_cfg.c **** #ifndef CYDATA
  63:Generated_Source\PSoC4/cyfitter_cfg.c ****     #define CYDATA
  64:Generated_Source\PSoC4/cyfitter_cfg.c **** #endif
  65:Generated_Source\PSoC4/cyfitter_cfg.c **** #ifndef CYFAR
  66:Generated_Source\PSoC4/cyfitter_cfg.c ****     #define CYFAR
  67:Generated_Source\PSoC4/cyfitter_cfg.c **** #endif
  68:Generated_Source\PSoC4/cyfitter_cfg.c **** #ifndef CYXDATA
  69:Generated_Source\PSoC4/cyfitter_cfg.c ****     #define CYXDATA
  70:Generated_Source\PSoC4/cyfitter_cfg.c **** #endif
  71:Generated_Source\PSoC4/cyfitter_cfg.c **** 
  72:Generated_Source\PSoC4/cyfitter_cfg.c **** 
  73:Generated_Source\PSoC4/cyfitter_cfg.c **** CY_CFG_UNUSED
  74:Generated_Source\PSoC4/cyfitter_cfg.c **** static void CYMEMZERO(void *s, size_t n);
  75:Generated_Source\PSoC4/cyfitter_cfg.c **** CY_CFG_UNUSED
  76:Generated_Source\PSoC4/cyfitter_cfg.c **** static void CYMEMZERO(void *s, size_t n)
  77:Generated_Source\PSoC4/cyfitter_cfg.c **** {
  27              		.loc 1 77 0
  28              		.cfi_startproc
  29              		@ args = 0, pretend = 0, frame = 0
  30              		@ frame_needed = 0, uses_anonymous_args = 0
  31              	.LVL0:
  32 0000 10B5     		push	{r4, lr}
  33              		.cfi_def_cfa_offset 8
  34              		.cfi_offset 4, -8
  35              		.cfi_offset 14, -4
  36 0002 0A00     		movs	r2, r1
  78:Generated_Source\PSoC4/cyfitter_cfg.c **** 	(void)memset(s, 0, n);
ARM GAS  C:\Users\0\AppData\Local\Temp\ccrE44uv.s 			page 3


  37              		.loc 1 78 0
  38 0004 0021     		movs	r1, #0
  39              	.LVL1:
  40 0006 FFF7FEFF 		bl	memset
  41              	.LVL2:
  79:Generated_Source\PSoC4/cyfitter_cfg.c **** }
  42              		.loc 1 79 0
  43              		@ sp needed
  44 000a 10BD     		pop	{r4, pc}
  45              		.cfi_endproc
  46              	.LFE0:
  47              		.size	CYMEMZERO, .-CYMEMZERO
  48              		.section	.psocinit,"ax",%progbits
  49              		.align	2
  50              		.code	16
  51              		.thumb_func
  52              		.type	ClockSetup, %function
  53              	ClockSetup:
  54              	.LFB3:
  80:Generated_Source\PSoC4/cyfitter_cfg.c **** CY_CFG_UNUSED
  81:Generated_Source\PSoC4/cyfitter_cfg.c **** static void CYCONFIGCPY(void *dest, const void *src, size_t n);
  82:Generated_Source\PSoC4/cyfitter_cfg.c **** CY_CFG_UNUSED
  83:Generated_Source\PSoC4/cyfitter_cfg.c **** static void CYCONFIGCPY(void *dest, const void *src, size_t n)
  84:Generated_Source\PSoC4/cyfitter_cfg.c **** {
  85:Generated_Source\PSoC4/cyfitter_cfg.c **** 	(void)memcpy(dest, src, n);
  86:Generated_Source\PSoC4/cyfitter_cfg.c **** }
  87:Generated_Source\PSoC4/cyfitter_cfg.c **** CY_CFG_UNUSED
  88:Generated_Source\PSoC4/cyfitter_cfg.c **** static void CYCONFIGCPYCODE(void *dest, const void *src, size_t n);
  89:Generated_Source\PSoC4/cyfitter_cfg.c **** CY_CFG_UNUSED
  90:Generated_Source\PSoC4/cyfitter_cfg.c **** static void CYCONFIGCPYCODE(void *dest, const void *src, size_t n)
  91:Generated_Source\PSoC4/cyfitter_cfg.c **** {
  92:Generated_Source\PSoC4/cyfitter_cfg.c **** 	(void)memcpy(dest, src, n);
  93:Generated_Source\PSoC4/cyfitter_cfg.c **** }
  94:Generated_Source\PSoC4/cyfitter_cfg.c **** 
  95:Generated_Source\PSoC4/cyfitter_cfg.c **** 
  96:Generated_Source\PSoC4/cyfitter_cfg.c **** 
  97:Generated_Source\PSoC4/cyfitter_cfg.c **** 
  98:Generated_Source\PSoC4/cyfitter_cfg.c **** /* Clock startup error codes                                                   */
  99:Generated_Source\PSoC4/cyfitter_cfg.c **** #define CYCLOCKSTART_NO_ERROR    0u
 100:Generated_Source\PSoC4/cyfitter_cfg.c **** #define CYCLOCKSTART_XTAL_ERROR  1u
 101:Generated_Source\PSoC4/cyfitter_cfg.c **** #define CYCLOCKSTART_32KHZ_ERROR 2u
 102:Generated_Source\PSoC4/cyfitter_cfg.c **** #define CYCLOCKSTART_PLL_ERROR   3u
 103:Generated_Source\PSoC4/cyfitter_cfg.c **** #define CYCLOCKSTART_FLL_ERROR   4u
 104:Generated_Source\PSoC4/cyfitter_cfg.c **** #define CYCLOCKSTART_WCO_ERROR   5u
 105:Generated_Source\PSoC4/cyfitter_cfg.c **** 
 106:Generated_Source\PSoC4/cyfitter_cfg.c **** 
 107:Generated_Source\PSoC4/cyfitter_cfg.c **** #ifdef CY_NEED_CYCLOCKSTARTUPERROR
 108:Generated_Source\PSoC4/cyfitter_cfg.c **** /*******************************************************************************
 109:Generated_Source\PSoC4/cyfitter_cfg.c **** * Function Name: CyClockStartupError
 110:Generated_Source\PSoC4/cyfitter_cfg.c **** ********************************************************************************
 111:Generated_Source\PSoC4/cyfitter_cfg.c **** * Summary:
 112:Generated_Source\PSoC4/cyfitter_cfg.c **** *  If an error is encountered during clock configuration (crystal startup error,
 113:Generated_Source\PSoC4/cyfitter_cfg.c **** *  PLL lock error, etc.), the system will end up here.  Unless reimplemented by
 114:Generated_Source\PSoC4/cyfitter_cfg.c **** *  the customer, this function will stop in an infinite loop.
 115:Generated_Source\PSoC4/cyfitter_cfg.c **** *
 116:Generated_Source\PSoC4/cyfitter_cfg.c **** * Parameters:
 117:Generated_Source\PSoC4/cyfitter_cfg.c **** *   void
ARM GAS  C:\Users\0\AppData\Local\Temp\ccrE44uv.s 			page 4


 118:Generated_Source\PSoC4/cyfitter_cfg.c **** *
 119:Generated_Source\PSoC4/cyfitter_cfg.c **** * Return:
 120:Generated_Source\PSoC4/cyfitter_cfg.c **** *   void
 121:Generated_Source\PSoC4/cyfitter_cfg.c **** *
 122:Generated_Source\PSoC4/cyfitter_cfg.c **** *******************************************************************************/
 123:Generated_Source\PSoC4/cyfitter_cfg.c **** CY_CFG_UNUSED
 124:Generated_Source\PSoC4/cyfitter_cfg.c **** static void CyClockStartupError(uint8 errorCode);
 125:Generated_Source\PSoC4/cyfitter_cfg.c **** CY_CFG_UNUSED
 126:Generated_Source\PSoC4/cyfitter_cfg.c **** static void CyClockStartupError(uint8 errorCode)
 127:Generated_Source\PSoC4/cyfitter_cfg.c **** {
 128:Generated_Source\PSoC4/cyfitter_cfg.c ****     /* To remove the compiler warning if errorCode not used.                */
 129:Generated_Source\PSoC4/cyfitter_cfg.c ****     errorCode = errorCode;
 130:Generated_Source\PSoC4/cyfitter_cfg.c **** 
 131:Generated_Source\PSoC4/cyfitter_cfg.c ****     /* If we have a clock startup error (bad MHz crystal, PLL lock, etc.),  */
 132:Generated_Source\PSoC4/cyfitter_cfg.c ****     /* we will end up here to allow the customer to implement something to  */
 133:Generated_Source\PSoC4/cyfitter_cfg.c ****     /* deal with the clock condition.                                       */
 134:Generated_Source\PSoC4/cyfitter_cfg.c **** 
 135:Generated_Source\PSoC4/cyfitter_cfg.c **** #ifdef CY_CFG_CLOCK_STARTUP_ERROR_CALLBACK
 136:Generated_Source\PSoC4/cyfitter_cfg.c ****     CY_CFG_Clock_Startup_ErrorCallback();
 137:Generated_Source\PSoC4/cyfitter_cfg.c **** #else
 138:Generated_Source\PSoC4/cyfitter_cfg.c ****     /*  If not using CY_CFG_CLOCK_STARTUP_ERROR_CALLBACK, place your clock startup code here. */
 139:Generated_Source\PSoC4/cyfitter_cfg.c ****     /* `#START CyClockStartupError` */
 140:Generated_Source\PSoC4/cyfitter_cfg.c **** 
 141:Generated_Source\PSoC4/cyfitter_cfg.c **** 
 142:Generated_Source\PSoC4/cyfitter_cfg.c **** 
 143:Generated_Source\PSoC4/cyfitter_cfg.c ****     /* `#END` */
 144:Generated_Source\PSoC4/cyfitter_cfg.c **** 
 145:Generated_Source\PSoC4/cyfitter_cfg.c ****     while(1) {}
 146:Generated_Source\PSoC4/cyfitter_cfg.c **** #endif /* CY_CFG_CLOCK_STARTUP_ERROR_CALLBACK */
 147:Generated_Source\PSoC4/cyfitter_cfg.c **** }
 148:Generated_Source\PSoC4/cyfitter_cfg.c **** #endif
 149:Generated_Source\PSoC4/cyfitter_cfg.c **** 
 150:Generated_Source\PSoC4/cyfitter_cfg.c **** 
 151:Generated_Source\PSoC4/cyfitter_cfg.c **** 
 152:Generated_Source\PSoC4/cyfitter_cfg.c **** /*******************************************************************************
 153:Generated_Source\PSoC4/cyfitter_cfg.c **** * Function Name: ClockSetup
 154:Generated_Source\PSoC4/cyfitter_cfg.c **** ********************************************************************************
 155:Generated_Source\PSoC4/cyfitter_cfg.c **** *
 156:Generated_Source\PSoC4/cyfitter_cfg.c **** * Summary:
 157:Generated_Source\PSoC4/cyfitter_cfg.c **** *   Performs the initialization of all of the clocks in the device based on the
 158:Generated_Source\PSoC4/cyfitter_cfg.c **** *   settings in the Clock tab of the DWR.  This includes enabling the requested
 159:Generated_Source\PSoC4/cyfitter_cfg.c **** *   clocks and setting the necessary dividers to produce the desired frequency. 
 160:Generated_Source\PSoC4/cyfitter_cfg.c **** *
 161:Generated_Source\PSoC4/cyfitter_cfg.c **** * Parameters:
 162:Generated_Source\PSoC4/cyfitter_cfg.c **** *   void
 163:Generated_Source\PSoC4/cyfitter_cfg.c **** *
 164:Generated_Source\PSoC4/cyfitter_cfg.c **** * Return:
 165:Generated_Source\PSoC4/cyfitter_cfg.c **** *   void
 166:Generated_Source\PSoC4/cyfitter_cfg.c **** *
 167:Generated_Source\PSoC4/cyfitter_cfg.c **** *******************************************************************************/
 168:Generated_Source\PSoC4/cyfitter_cfg.c **** static void ClockSetup(void);
 169:Generated_Source\PSoC4/cyfitter_cfg.c **** CY_CFG_SECTION
 170:Generated_Source\PSoC4/cyfitter_cfg.c **** static void ClockSetup(void)
 171:Generated_Source\PSoC4/cyfitter_cfg.c **** {
  55              		.loc 1 171 0
  56              		.cfi_startproc
  57              		@ args = 0, pretend = 0, frame = 0
ARM GAS  C:\Users\0\AppData\Local\Temp\ccrE44uv.s 			page 5


  58              		@ frame_needed = 0, uses_anonymous_args = 0
  59 0000 70B5     		push	{r4, r5, r6, lr}
  60              		.cfi_def_cfa_offset 16
  61              		.cfi_offset 4, -16
  62              		.cfi_offset 5, -12
  63              		.cfi_offset 6, -8
  64              		.cfi_offset 14, -4
 172:Generated_Source\PSoC4/cyfitter_cfg.c **** 	/* Enable HALF_EN before trimming for the flash accelerator. */
 173:Generated_Source\PSoC4/cyfitter_cfg.c **** 	CY_SET_REG32((void CYXDATA *)(CYREG_CLK_SELECT), (CY_GET_REG32((void *)CYREG_CLK_SELECT) | 0x00040
  65              		.loc 1 173 0
  66 0002 0F4C     		ldr	r4, .L3
  67 0004 2368     		ldr	r3, [r4]
  68 0006 8022     		movs	r2, #128
  69 0008 D202     		lsls	r2, r2, #11
  70 000a 1343     		orrs	r3, r2
  71 000c 2360     		str	r3, [r4]
 174:Generated_Source\PSoC4/cyfitter_cfg.c **** 
 175:Generated_Source\PSoC4/cyfitter_cfg.c **** 	/* Setup and trim IMO based on desired frequency. */
 176:Generated_Source\PSoC4/cyfitter_cfg.c **** 	CySysClkWriteImoFreq(24u);
  72              		.loc 1 176 0
  73 000e 1820     		movs	r0, #24
  74 0010 FFF7FEFF 		bl	CySysClkWriteImoFreq
  75              	.LVL3:
 177:Generated_Source\PSoC4/cyfitter_cfg.c **** 
 178:Generated_Source\PSoC4/cyfitter_cfg.c **** 	/* Disable HALF_EN since it is not required at this IMO frequency. */
 179:Generated_Source\PSoC4/cyfitter_cfg.c **** 	CY_SET_REG32((void CYXDATA *)(CYREG_CLK_SELECT), (CY_GET_REG32((void *)CYREG_CLK_SELECT) & 0xFFFBF
  76              		.loc 1 179 0
  77 0014 2268     		ldr	r2, [r4]
  78 0016 0B4B     		ldr	r3, .L3+4
  79 0018 1340     		ands	r3, r2
  80 001a 2360     		str	r3, [r4]
 180:Generated_Source\PSoC4/cyfitter_cfg.c **** 	/* CYDEV_CLK_ILO_CONFIG Starting address: CYDEV_CLK_ILO_CONFIG */
 181:Generated_Source\PSoC4/cyfitter_cfg.c **** 	CY_SET_REG32((void *)(CYREG_CLK_ILO_CONFIG), 0x80000006u);
  81              		.loc 1 181 0
  82 001c 0A4A     		ldr	r2, .L3+8
  83 001e 0B4B     		ldr	r3, .L3+12
  84 0020 1A60     		str	r2, [r3]
 182:Generated_Source\PSoC4/cyfitter_cfg.c **** 
 183:Generated_Source\PSoC4/cyfitter_cfg.c **** 
 184:Generated_Source\PSoC4/cyfitter_cfg.c **** 	/* CYDEV_CLK_IMO_CONFIG Starting address: CYDEV_CLK_IMO_CONFIG */
 185:Generated_Source\PSoC4/cyfitter_cfg.c **** 	CY_SET_REG32((void *)(CYREG_CLK_IMO_CONFIG), 0x80000000u);
  85              		.loc 1 185 0
  86 0022 063A     		subs	r2, r2, #6
  87 0024 0A4B     		ldr	r3, .L3+16
  88 0026 1A60     		str	r2, [r3]
 186:Generated_Source\PSoC4/cyfitter_cfg.c **** 
 187:Generated_Source\PSoC4/cyfitter_cfg.c **** 	/* CYDEV_CLK_SELECT Starting address: CYDEV_CLK_SELECT */
 188:Generated_Source\PSoC4/cyfitter_cfg.c **** 	CY_SET_REG32((void *)(CYREG_CLK_SELECT), 0x00000000u);
  89              		.loc 1 188 0
  90 0028 0025     		movs	r5, #0
  91 002a 2560     		str	r5, [r4]
 189:Generated_Source\PSoC4/cyfitter_cfg.c **** 
 190:Generated_Source\PSoC4/cyfitter_cfg.c **** 	(void)CyIntSetVector(9u, &CySysWdtIsr);
  92              		.loc 1 190 0
  93 002c 0949     		ldr	r1, .L3+20
  94 002e 0920     		movs	r0, #9
  95 0030 FFF7FEFF 		bl	CyIntSetVector
ARM GAS  C:\Users\0\AppData\Local\Temp\ccrE44uv.s 			page 6


  96              	.LVL4:
 191:Generated_Source\PSoC4/cyfitter_cfg.c **** 	CyIntEnable(9u);
  97              		.loc 1 191 0
  98 0034 0920     		movs	r0, #9
  99 0036 FFF7FEFF 		bl	CyIntEnable
 100              	.LVL5:
 192:Generated_Source\PSoC4/cyfitter_cfg.c **** 	CY_SET_REG32((void *)(CYREG_WDT_CONFIG), 0x00000000u);
 101              		.loc 1 192 0
 102 003a 074B     		ldr	r3, .L3+24
 103 003c 1D60     		str	r5, [r3]
 193:Generated_Source\PSoC4/cyfitter_cfg.c **** }
 104              		.loc 1 193 0
 105              		@ sp needed
 106 003e 70BD     		pop	{r4, r5, r6, pc}
 107              	.L4:
 108              		.align	2
 109              	.L3:
 110 0040 00010B40 		.word	1074462976
 111 0044 FFFFFBFF 		.word	-262145
 112 0048 06000080 		.word	-2147483642
 113 004c 04010B40 		.word	1074462980
 114 0050 08010B40 		.word	1074462984
 115 0054 00000000 		.word	CySysWdtIsr
 116 0058 0C020B40 		.word	1074463244
 117              		.cfi_endproc
 118              	.LFE3:
 119              		.size	ClockSetup, .-ClockSetup
 120              		.align	2
 121              		.global	cyfitter_cfg
 122              		.code	16
 123              		.thumb_func
 124              		.type	cyfitter_cfg, %function
 125              	cyfitter_cfg:
 126              	.LFB5:
 194:Generated_Source\PSoC4/cyfitter_cfg.c **** 
 195:Generated_Source\PSoC4/cyfitter_cfg.c **** 
 196:Generated_Source\PSoC4/cyfitter_cfg.c **** /* Analog API Functions */
 197:Generated_Source\PSoC4/cyfitter_cfg.c **** 
 198:Generated_Source\PSoC4/cyfitter_cfg.c **** 
 199:Generated_Source\PSoC4/cyfitter_cfg.c **** /*******************************************************************************
 200:Generated_Source\PSoC4/cyfitter_cfg.c **** * Function Name: AnalogSetDefault
 201:Generated_Source\PSoC4/cyfitter_cfg.c **** ********************************************************************************
 202:Generated_Source\PSoC4/cyfitter_cfg.c **** *
 203:Generated_Source\PSoC4/cyfitter_cfg.c **** * Summary:
 204:Generated_Source\PSoC4/cyfitter_cfg.c **** *  Sets up the analog portions of the chip to default values based on chip
 205:Generated_Source\PSoC4/cyfitter_cfg.c **** *  configuration options from the project.
 206:Generated_Source\PSoC4/cyfitter_cfg.c **** *
 207:Generated_Source\PSoC4/cyfitter_cfg.c **** * Parameters:
 208:Generated_Source\PSoC4/cyfitter_cfg.c **** *  void
 209:Generated_Source\PSoC4/cyfitter_cfg.c **** *
 210:Generated_Source\PSoC4/cyfitter_cfg.c **** * Return:
 211:Generated_Source\PSoC4/cyfitter_cfg.c **** *  void
 212:Generated_Source\PSoC4/cyfitter_cfg.c **** *
 213:Generated_Source\PSoC4/cyfitter_cfg.c **** *******************************************************************************/
 214:Generated_Source\PSoC4/cyfitter_cfg.c **** static void AnalogSetDefault(void);
 215:Generated_Source\PSoC4/cyfitter_cfg.c **** static void AnalogSetDefault(void)
 216:Generated_Source\PSoC4/cyfitter_cfg.c **** {
ARM GAS  C:\Users\0\AppData\Local\Temp\ccrE44uv.s 			page 7


 217:Generated_Source\PSoC4/cyfitter_cfg.c **** }
 218:Generated_Source\PSoC4/cyfitter_cfg.c **** 
 219:Generated_Source\PSoC4/cyfitter_cfg.c **** 
 220:Generated_Source\PSoC4/cyfitter_cfg.c **** 
 221:Generated_Source\PSoC4/cyfitter_cfg.c **** 
 222:Generated_Source\PSoC4/cyfitter_cfg.c **** /*******************************************************************************
 223:Generated_Source\PSoC4/cyfitter_cfg.c **** * Function Name: cyfitter_cfg
 224:Generated_Source\PSoC4/cyfitter_cfg.c **** ********************************************************************************
 225:Generated_Source\PSoC4/cyfitter_cfg.c **** * Summary:
 226:Generated_Source\PSoC4/cyfitter_cfg.c **** *  This function is called by the start-up code for the selected device. It
 227:Generated_Source\PSoC4/cyfitter_cfg.c **** *  performs all of the necessary device configuration based on the design
 228:Generated_Source\PSoC4/cyfitter_cfg.c **** *  settings.  This includes settings from the Design Wide Resources (DWR) such
 229:Generated_Source\PSoC4/cyfitter_cfg.c **** *  as Clocks and Pins as well as any component configuration that is necessary.
 230:Generated_Source\PSoC4/cyfitter_cfg.c **** *
 231:Generated_Source\PSoC4/cyfitter_cfg.c **** * Parameters:
 232:Generated_Source\PSoC4/cyfitter_cfg.c **** *   void
 233:Generated_Source\PSoC4/cyfitter_cfg.c **** *
 234:Generated_Source\PSoC4/cyfitter_cfg.c **** * Return:
 235:Generated_Source\PSoC4/cyfitter_cfg.c **** *   void
 236:Generated_Source\PSoC4/cyfitter_cfg.c **** *
 237:Generated_Source\PSoC4/cyfitter_cfg.c **** *******************************************************************************/
 238:Generated_Source\PSoC4/cyfitter_cfg.c **** CY_CFG_SECTION
 239:Generated_Source\PSoC4/cyfitter_cfg.c **** void cyfitter_cfg(void)
 240:Generated_Source\PSoC4/cyfitter_cfg.c **** {
 127              		.loc 1 240 0
 128              		.cfi_startproc
 129              		@ args = 0, pretend = 0, frame = 0
 130              		@ frame_needed = 0, uses_anonymous_args = 0
 131 005c 10B5     		push	{r4, lr}
 132              		.cfi_def_cfa_offset 8
 133              		.cfi_offset 4, -8
 134              		.cfi_offset 14, -4
 241:Generated_Source\PSoC4/cyfitter_cfg.c **** 	/* Disable interrupts by default. Let user enable if/when they want. */
 242:Generated_Source\PSoC4/cyfitter_cfg.c **** 	CyGlobalIntDisable;
 135              		.loc 1 242 0
 136              		.syntax divided
 137              	@ 242 "Generated_Source\PSoC4\cyfitter_cfg.c" 1
 138 005e 72B6     		CPSID   i
 139              	@ 0 "" 2
 140              	.LVL6:
 141              		.thumb
 142              		.syntax unified
 143              	.LBB2:
 243:Generated_Source\PSoC4/cyfitter_cfg.c **** 
 244:Generated_Source\PSoC4/cyfitter_cfg.c **** 	{
 245:Generated_Source\PSoC4/cyfitter_cfg.c **** 
 246:Generated_Source\PSoC4/cyfitter_cfg.c **** 		CYPACKED typedef struct {
 247:Generated_Source\PSoC4/cyfitter_cfg.c **** 			void CYFAR *address;
 248:Generated_Source\PSoC4/cyfitter_cfg.c **** 			uint16 size;
 249:Generated_Source\PSoC4/cyfitter_cfg.c **** 		} CYPACKED_ATTR cfg_memset_t;
 250:Generated_Source\PSoC4/cyfitter_cfg.c **** 
 251:Generated_Source\PSoC4/cyfitter_cfg.c **** 		static const cfg_memset_t CYCODE cfg_memset_list[] = {
 252:Generated_Source\PSoC4/cyfitter_cfg.c **** 			/* address, size */
 253:Generated_Source\PSoC4/cyfitter_cfg.c **** 			{(void CYFAR *)(CYDEV_UDB_P0_U0_BASE), 1024u},
 254:Generated_Source\PSoC4/cyfitter_cfg.c **** 			{(void CYFAR *)(CYDEV_UDB_DSI0_BASE), 1024u},
 255:Generated_Source\PSoC4/cyfitter_cfg.c **** 		};
 256:Generated_Source\PSoC4/cyfitter_cfg.c **** 
ARM GAS  C:\Users\0\AppData\Local\Temp\ccrE44uv.s 			page 8


 257:Generated_Source\PSoC4/cyfitter_cfg.c **** 		uint8 CYDATA i;
 258:Generated_Source\PSoC4/cyfitter_cfg.c **** 
 259:Generated_Source\PSoC4/cyfitter_cfg.c **** 		/* Zero out critical memory blocks before beginning configuration */
 260:Generated_Source\PSoC4/cyfitter_cfg.c **** 		for (i = 0u; i < (sizeof(cfg_memset_list)/sizeof(cfg_memset_list[0])); i++)
 144              		.loc 1 260 0
 145 0060 0024     		movs	r4, #0
 146 0062 0FE0     		b	.L6
 147              	.LVL7:
 148              	.L7:
 149              	.LBB3:
 261:Generated_Source\PSoC4/cyfitter_cfg.c **** 		{
 262:Generated_Source\PSoC4/cyfitter_cfg.c **** 			const cfg_memset_t CYCODE * CYDATA ms = &cfg_memset_list[i];
 263:Generated_Source\PSoC4/cyfitter_cfg.c **** 			CYMEMZERO(ms->address, (size_t)(uint32)(ms->size));
 150              		.loc 1 263 0 discriminator 3
 151 0064 1448     		ldr	r0, .L8
 152 0066 6200     		lsls	r2, r4, #1
 153 0068 1319     		adds	r3, r2, r4
 154 006a 5900     		lsls	r1, r3, #1
 155 006c 0B00     		movs	r3, r1
 156 006e 4118     		adds	r1, r0, r1
 157 0070 8988     		ldrh	r1, [r1, #4]
 158 0072 1A5A     		ldrh	r2, [r3, r0]
 159 0074 C318     		adds	r3, r0, r3
 160 0076 5888     		ldrh	r0, [r3, #2]
 161 0078 0004     		lsls	r0, r0, #16
 162 007a 1043     		orrs	r0, r2
 163 007c FFF7FEFF 		bl	CYMEMZERO
 164              	.LVL8:
 165              	.LBE3:
 260:Generated_Source\PSoC4/cyfitter_cfg.c **** 		{
 166              		.loc 1 260 0 discriminator 3
 167 0080 0134     		adds	r4, r4, #1
 168              	.LVL9:
 169 0082 E4B2     		uxtb	r4, r4
 170              	.LVL10:
 171              	.L6:
 260:Generated_Source\PSoC4/cyfitter_cfg.c **** 		{
 172              		.loc 1 260 0 is_stmt 0 discriminator 1
 173 0084 012C     		cmp	r4, #1
 174 0086 EDD9     		bls	.L7
 264:Generated_Source\PSoC4/cyfitter_cfg.c **** 		}
 265:Generated_Source\PSoC4/cyfitter_cfg.c **** 
 266:Generated_Source\PSoC4/cyfitter_cfg.c **** 		/* HSIOM Starting address: CYDEV_HSIOM_BASE */
 267:Generated_Source\PSoC4/cyfitter_cfg.c **** 		CY_SET_REG32((void *)(CYREG_HSIOM_PORT_SEL3), 0x0000EE00u);
 175              		.loc 1 267 0 is_stmt 1
 176 0088 EE22     		movs	r2, #238
 177 008a 1202     		lsls	r2, r2, #8
 178 008c 0B4B     		ldr	r3, .L8+4
 179 008e 1A60     		str	r2, [r3]
 268:Generated_Source\PSoC4/cyfitter_cfg.c **** 
 269:Generated_Source\PSoC4/cyfitter_cfg.c **** 		/* UDB_PA_3 Starting address: CYDEV_UDB_PA3_BASE */
 270:Generated_Source\PSoC4/cyfitter_cfg.c **** 		CY_SET_REG32((void *)(CYDEV_UDB_PA3_BASE), 0x00990000u);
 180              		.loc 1 270 0
 181 0090 9922     		movs	r2, #153
 182 0092 1204     		lsls	r2, r2, #16
 183 0094 0A4B     		ldr	r3, .L8+8
 184 0096 1A60     		str	r2, [r3]
ARM GAS  C:\Users\0\AppData\Local\Temp\ccrE44uv.s 			page 9


 271:Generated_Source\PSoC4/cyfitter_cfg.c **** 
 272:Generated_Source\PSoC4/cyfitter_cfg.c **** 		/* Enable digital routing */
 273:Generated_Source\PSoC4/cyfitter_cfg.c **** 		CY_SET_XTND_REG8((void *)CYREG_UDB_UDBIF_BANK_CTL, (uint8)(CY_GET_XTND_REG8((void *)CYREG_UDB_UDB
 185              		.loc 1 273 0
 186 0098 0A4A     		ldr	r2, .L8+12
 187 009a 1178     		ldrb	r1, [r2]
 188 009c 0623     		movs	r3, #6
 189 009e 0B43     		orrs	r3, r1
 190 00a0 DBB2     		uxtb	r3, r3
 191 00a2 1370     		strb	r3, [r2]
 192              	.LBE2:
 274:Generated_Source\PSoC4/cyfitter_cfg.c **** 	}
 275:Generated_Source\PSoC4/cyfitter_cfg.c **** 
 276:Generated_Source\PSoC4/cyfitter_cfg.c **** 	/* Perform second pass device configuration. These items must be configured in specific order afte
 277:Generated_Source\PSoC4/cyfitter_cfg.c **** 	/* IOPINS0_3 Starting address: CYDEV_PRT3_BASE */
 278:Generated_Source\PSoC4/cyfitter_cfg.c **** 	CY_SET_REG32((void *)(CYDEV_PRT3_BASE), 0x000000E0u);
 193              		.loc 1 278 0
 194 00a4 E022     		movs	r2, #224
 195 00a6 084B     		ldr	r3, .L8+16
 196 00a8 1A60     		str	r2, [r3]
 279:Generated_Source\PSoC4/cyfitter_cfg.c **** 	CY_SET_REG32((void *)(CYREG_PRT3_PC), 0x00C70D80u);
 197              		.loc 1 279 0
 198 00aa 084A     		ldr	r2, .L8+20
 199 00ac 084B     		ldr	r3, .L8+24
 200 00ae 1A60     		str	r2, [r3]
 280:Generated_Source\PSoC4/cyfitter_cfg.c **** 
 281:Generated_Source\PSoC4/cyfitter_cfg.c **** 
 282:Generated_Source\PSoC4/cyfitter_cfg.c **** 	/* Setup clocks based on selections from Clock DWR */
 283:Generated_Source\PSoC4/cyfitter_cfg.c **** 	ClockSetup();
 201              		.loc 1 283 0
 202 00b0 FFF7A6FF 		bl	ClockSetup
 203              	.LVL11:
 284:Generated_Source\PSoC4/cyfitter_cfg.c **** 
 285:Generated_Source\PSoC4/cyfitter_cfg.c **** 	/* Perform basic analog initialization to defaults */
 286:Generated_Source\PSoC4/cyfitter_cfg.c **** 	AnalogSetDefault();
 287:Generated_Source\PSoC4/cyfitter_cfg.c **** 
 288:Generated_Source\PSoC4/cyfitter_cfg.c **** }
 204              		.loc 1 288 0
 205              		@ sp needed
 206              	.LVL12:
 207 00b4 10BD     		pop	{r4, pc}
 208              	.L9:
 209 00b6 C046     		.align	2
 210              	.L8:
 211 00b8 00000000 		.word	.LANCHOR0
 212 00bc 0C000140 		.word	1073807372
 213 00c0 30500F40 		.word	1074745392
 214 00c4 00700F40 		.word	1074753536
 215 00c8 00030440 		.word	1074004736
 216 00cc 800DC700 		.word	13045120
 217 00d0 08030440 		.word	1074004744
 218              		.cfi_endproc
 219              	.LFE5:
 220              		.size	cyfitter_cfg, .-cyfitter_cfg
 221              		.section	.rodata
 222              		.align	2
 223              		.set	.LANCHOR0,. + 0
ARM GAS  C:\Users\0\AppData\Local\Temp\ccrE44uv.s 			page 10


 224              		.type	cfg_memset_list.4847, %object
 225              		.size	cfg_memset_list.4847, 12
 226              	cfg_memset_list.4847:
 227 0000 00300F40 		.word	1074737152
 228 0004 0004     		.short	1024
 229 0006 00400F40 		.4byte	1074741248
 230 000a 0004     		.short	1024
 231              		.text
 232              	.Letext0:
 233              		.file 2 "c:\\program files (x86)\\cypress\\psoc creator\\4.2\\psoc creator\\import\\gnu\\arm\\5.4.
 234              		.file 3 "Generated_Source\\PSoC4\\cytypes.h"
 235              		.file 4 "Generated_Source\\PSoC4\\CyLib.h"
 236              		.section	.debug_info,"",%progbits
 237              	.Ldebug_info0:
 238 0000 74020000 		.4byte	0x274
 239 0004 0400     		.2byte	0x4
 240 0006 00000000 		.4byte	.Ldebug_abbrev0
 241 000a 04       		.byte	0x4
 242 000b 01       		.uleb128 0x1
 243 000c 2A010000 		.4byte	.LASF29
 244 0010 0C       		.byte	0xc
 245 0011 21020000 		.4byte	.LASF30
 246 0015 98000000 		.4byte	.LASF31
 247 0019 00000000 		.4byte	.Ldebug_ranges0+0
 248 001d 00000000 		.4byte	0
 249 0021 00000000 		.4byte	.Ldebug_line0
 250 0025 02       		.uleb128 0x2
 251 0026 04       		.byte	0x4
 252 0027 05       		.byte	0x5
 253 0028 696E7400 		.ascii	"int\000"
 254 002c 03       		.uleb128 0x3
 255 002d 06000000 		.4byte	.LASF12
 256 0031 02       		.byte	0x2
 257 0032 D8       		.byte	0xd8
 258 0033 37000000 		.4byte	0x37
 259 0037 04       		.uleb128 0x4
 260 0038 04       		.byte	0x4
 261 0039 07       		.byte	0x7
 262 003a F1000000 		.4byte	.LASF0
 263 003e 04       		.uleb128 0x4
 264 003f 08       		.byte	0x8
 265 0040 05       		.byte	0x5
 266 0041 CE010000 		.4byte	.LASF1
 267 0045 04       		.uleb128 0x4
 268 0046 08       		.byte	0x8
 269 0047 04       		.byte	0x4
 270 0048 09020000 		.4byte	.LASF2
 271 004c 04       		.uleb128 0x4
 272 004d 01       		.byte	0x1
 273 004e 06       		.byte	0x6
 274 004f 15020000 		.4byte	.LASF3
 275 0053 04       		.uleb128 0x4
 276 0054 01       		.byte	0x1
 277 0055 08       		.byte	0x8
 278 0056 7C000000 		.4byte	.LASF4
 279 005a 04       		.uleb128 0x4
 280 005b 02       		.byte	0x2
ARM GAS  C:\Users\0\AppData\Local\Temp\ccrE44uv.s 			page 11


 281 005c 05       		.byte	0x5
 282 005d E1010000 		.4byte	.LASF5
 283 0061 04       		.uleb128 0x4
 284 0062 02       		.byte	0x2
 285 0063 07       		.byte	0x7
 286 0064 37000000 		.4byte	.LASF6
 287 0068 04       		.uleb128 0x4
 288 0069 04       		.byte	0x4
 289 006a 05       		.byte	0x5
 290 006b 00020000 		.4byte	.LASF7
 291 006f 04       		.uleb128 0x4
 292 0070 04       		.byte	0x4
 293 0071 07       		.byte	0x7
 294 0072 5A000000 		.4byte	.LASF8
 295 0076 04       		.uleb128 0x4
 296 0077 08       		.byte	0x8
 297 0078 07       		.byte	0x7
 298 0079 13010000 		.4byte	.LASF9
 299 007d 04       		.uleb128 0x4
 300 007e 04       		.byte	0x4
 301 007f 07       		.byte	0x7
 302 0080 C5010000 		.4byte	.LASF10
 303 0084 05       		.uleb128 0x5
 304 0085 04       		.byte	0x4
 305 0086 04       		.uleb128 0x4
 306 0087 01       		.byte	0x1
 307 0088 08       		.byte	0x8
 308 0089 DC010000 		.4byte	.LASF11
 309 008d 06       		.uleb128 0x6
 310 008e 6C000000 		.4byte	.LASF13
 311 0092 03       		.byte	0x3
 312 0093 E601     		.2byte	0x1e6
 313 0095 53000000 		.4byte	0x53
 314 0099 06       		.uleb128 0x6
 315 009a E3000000 		.4byte	.LASF14
 316 009e 03       		.byte	0x3
 317 009f E701     		.2byte	0x1e7
 318 00a1 61000000 		.4byte	0x61
 319 00a5 06       		.uleb128 0x6
 320 00a6 EA000000 		.4byte	.LASF15
 321 00aa 03       		.byte	0x3
 322 00ab E801     		.2byte	0x1e8
 323 00ad 6F000000 		.4byte	0x6f
 324 00b1 04       		.uleb128 0x4
 325 00b2 04       		.byte	0x4
 326 00b3 04       		.byte	0x4
 327 00b4 4A000000 		.4byte	.LASF16
 328 00b8 04       		.uleb128 0x4
 329 00b9 08       		.byte	0x8
 330 00ba 04       		.byte	0x4
 331 00bb 91000000 		.4byte	.LASF17
 332 00bf 06       		.uleb128 0x6
 333 00c0 55000000 		.4byte	.LASF18
 334 00c4 03       		.byte	0x3
 335 00c5 9002     		.2byte	0x290
 336 00c7 CB000000 		.4byte	0xcb
 337 00cb 07       		.uleb128 0x7
ARM GAS  C:\Users\0\AppData\Local\Temp\ccrE44uv.s 			page 12


 338 00cc 8D000000 		.4byte	0x8d
 339 00d0 06       		.uleb128 0x6
 340 00d1 00000000 		.4byte	.LASF19
 341 00d5 03       		.byte	0x3
 342 00d6 9202     		.2byte	0x292
 343 00d8 DC000000 		.4byte	0xdc
 344 00dc 07       		.uleb128 0x7
 345 00dd A5000000 		.4byte	0xa5
 346 00e1 08       		.uleb128 0x8
 347 00e2 72000000 		.4byte	.LASF20
 348 00e6 01       		.byte	0x1
 349 00e7 4C       		.byte	0x4c
 350 00e8 00000000 		.4byte	.LFB0
 351 00ec 0C000000 		.4byte	.LFE0-.LFB0
 352 00f0 01       		.uleb128 0x1
 353 00f1 9C       		.byte	0x9c
 354 00f2 2E010000 		.4byte	0x12e
 355 00f6 09       		.uleb128 0x9
 356 00f7 7300     		.ascii	"s\000"
 357 00f9 01       		.byte	0x1
 358 00fa 4C       		.byte	0x4c
 359 00fb 84000000 		.4byte	0x84
 360 00ff 00000000 		.4byte	.LLST0
 361 0103 09       		.uleb128 0x9
 362 0104 6E00     		.ascii	"n\000"
 363 0106 01       		.byte	0x1
 364 0107 4C       		.byte	0x4c
 365 0108 2C000000 		.4byte	0x2c
 366 010c 21000000 		.4byte	.LLST1
 367 0110 0A       		.uleb128 0xa
 368 0111 0A000000 		.4byte	.LVL2
 369 0115 4D020000 		.4byte	0x24d
 370 0119 0B       		.uleb128 0xb
 371 011a 01       		.uleb128 0x1
 372 011b 50       		.byte	0x50
 373 011c 03       		.uleb128 0x3
 374 011d F3       		.byte	0xf3
 375 011e 01       		.uleb128 0x1
 376 011f 50       		.byte	0x50
 377 0120 0B       		.uleb128 0xb
 378 0121 01       		.uleb128 0x1
 379 0122 51       		.byte	0x51
 380 0123 01       		.uleb128 0x1
 381 0124 30       		.byte	0x30
 382 0125 0B       		.uleb128 0xb
 383 0126 01       		.uleb128 0x1
 384 0127 52       		.byte	0x52
 385 0128 03       		.uleb128 0x3
 386 0129 F3       		.byte	0xf3
 387 012a 01       		.uleb128 0x1
 388 012b 51       		.byte	0x51
 389 012c 00       		.byte	0
 390 012d 00       		.byte	0
 391 012e 08       		.uleb128 0x8
 392 012f 2C000000 		.4byte	.LASF21
 393 0133 01       		.byte	0x1
 394 0134 AA       		.byte	0xaa
ARM GAS  C:\Users\0\AppData\Local\Temp\ccrE44uv.s 			page 13


 395 0135 00000000 		.4byte	.LFB3
 396 0139 5C000000 		.4byte	.LFE3-.LFB3
 397 013d 01       		.uleb128 0x1
 398 013e 9C       		.byte	0x9c
 399 013f 79010000 		.4byte	0x179
 400 0143 0C       		.uleb128 0xc
 401 0144 14000000 		.4byte	.LVL3
 402 0148 56020000 		.4byte	0x256
 403 014c 56010000 		.4byte	0x156
 404 0150 0B       		.uleb128 0xb
 405 0151 01       		.uleb128 0x1
 406 0152 50       		.byte	0x50
 407 0153 01       		.uleb128 0x1
 408 0154 48       		.byte	0x48
 409 0155 00       		.byte	0
 410 0156 0C       		.uleb128 0xc
 411 0157 34000000 		.4byte	.LVL4
 412 015b 61020000 		.4byte	0x261
 413 015f 69010000 		.4byte	0x169
 414 0163 0B       		.uleb128 0xb
 415 0164 01       		.uleb128 0x1
 416 0165 50       		.byte	0x50
 417 0166 01       		.uleb128 0x1
 418 0167 39       		.byte	0x39
 419 0168 00       		.byte	0
 420 0169 0A       		.uleb128 0xa
 421 016a 3A000000 		.4byte	.LVL5
 422 016e 6C020000 		.4byte	0x26c
 423 0172 0B       		.uleb128 0xb
 424 0173 01       		.uleb128 0x1
 425 0174 50       		.byte	0x50
 426 0175 01       		.uleb128 0x1
 427 0176 39       		.byte	0x39
 428 0177 00       		.byte	0
 429 0178 00       		.byte	0
 430 0179 0D       		.uleb128 0xd
 431 017a FE000000 		.4byte	.LASF32
 432 017e 01       		.byte	0x1
 433 017f EF       		.byte	0xef
 434 0180 5C000000 		.4byte	.LFB5
 435 0184 78000000 		.4byte	.LFE5-.LFB5
 436 0188 01       		.uleb128 0x1
 437 0189 9C       		.byte	0x9c
 438 018a 4D020000 		.4byte	0x24d
 439 018e 0E       		.uleb128 0xe
 440 018f 60000000 		.4byte	.LBB2
 441 0193 44000000 		.4byte	.LBE2-.LBB2
 442 0197 43020000 		.4byte	0x243
 443 019b 0F       		.uleb128 0xf
 444 019c 06       		.byte	0x6
 445 019d 01       		.byte	0x1
 446 019e F6       		.byte	0xf6
 447 019f BC010000 		.4byte	0x1bc
 448 01a3 10       		.uleb128 0x10
 449 01a4 0B010000 		.4byte	.LASF22
 450 01a8 01       		.byte	0x1
 451 01a9 F7       		.byte	0xf7
ARM GAS  C:\Users\0\AppData\Local\Temp\ccrE44uv.s 			page 14


 452 01aa 84000000 		.4byte	0x84
 453 01ae 00       		.byte	0
 454 01af 10       		.uleb128 0x10
 455 01b0 50000000 		.4byte	.LASF23
 456 01b4 01       		.byte	0x1
 457 01b5 F8       		.byte	0xf8
 458 01b6 99000000 		.4byte	0x99
 459 01ba 04       		.byte	0x4
 460 01bb 00       		.byte	0
 461 01bc 03       		.uleb128 0x3
 462 01bd B8010000 		.4byte	.LASF24
 463 01c1 01       		.byte	0x1
 464 01c2 F9       		.byte	0xf9
 465 01c3 9B010000 		.4byte	0x19b
 466 01c7 11       		.uleb128 0x11
 467 01c8 D7010000 		.4byte	0x1d7
 468 01cc D7010000 		.4byte	0x1d7
 469 01d0 12       		.uleb128 0x12
 470 01d1 7D000000 		.4byte	0x7d
 471 01d5 01       		.byte	0x1
 472 01d6 00       		.byte	0
 473 01d7 13       		.uleb128 0x13
 474 01d8 BC010000 		.4byte	0x1bc
 475 01dc 14       		.uleb128 0x14
 476 01dd 1C000000 		.4byte	.LASF25
 477 01e1 01       		.byte	0x1
 478 01e2 FB       		.byte	0xfb
 479 01e3 ED010000 		.4byte	0x1ed
 480 01e7 05       		.uleb128 0x5
 481 01e8 03       		.byte	0x3
 482 01e9 00000000 		.4byte	cfg_memset_list.4847
 483 01ed 13       		.uleb128 0x13
 484 01ee C7010000 		.4byte	0x1c7
 485 01f2 15       		.uleb128 0x15
 486 01f3 6900     		.ascii	"i\000"
 487 01f5 01       		.byte	0x1
 488 01f6 0101     		.2byte	0x101
 489 01f8 8D000000 		.4byte	0x8d
 490 01fc 4D000000 		.4byte	.LLST2
 491 0200 16       		.uleb128 0x16
 492 0201 64000000 		.4byte	.LBB3
 493 0205 1C000000 		.4byte	.LBE3-.LBB3
 494 0209 15       		.uleb128 0x15
 495 020a 6D7300   		.ascii	"ms\000"
 496 020d 01       		.byte	0x1
 497 020e 0601     		.2byte	0x106
 498 0210 18020000 		.4byte	0x218
 499 0214 77000000 		.4byte	.LLST3
 500 0218 17       		.uleb128 0x17
 501 0219 04       		.byte	0x4
 502 021a D7010000 		.4byte	0x1d7
 503 021e 0A       		.uleb128 0xa
 504 021f 80000000 		.4byte	.LVL8
 505 0223 E1000000 		.4byte	0xe1
 506 0227 0B       		.uleb128 0xb
 507 0228 01       		.uleb128 0x1
 508 0229 51       		.byte	0x51
ARM GAS  C:\Users\0\AppData\Local\Temp\ccrE44uv.s 			page 15


 509 022a 15       		.uleb128 0x15
 510 022b 74       		.byte	0x74
 511 022c 00       		.sleb128 0
 512 022d 31       		.byte	0x31
 513 022e 24       		.byte	0x24
 514 022f 74       		.byte	0x74
 515 0230 00       		.sleb128 0
 516 0231 22       		.byte	0x22
 517 0232 31       		.byte	0x31
 518 0233 24       		.byte	0x24
 519 0234 03       		.byte	0x3
 520 0235 04000000 		.4byte	.LANCHOR0+4
 521 0239 22       		.byte	0x22
 522 023a 94       		.byte	0x94
 523 023b 02       		.byte	0x2
 524 023c 0A       		.byte	0xa
 525 023d FFFF     		.2byte	0xffff
 526 023f 1A       		.byte	0x1a
 527 0240 00       		.byte	0
 528 0241 00       		.byte	0
 529 0242 00       		.byte	0
 530 0243 18       		.uleb128 0x18
 531 0244 B4000000 		.4byte	.LVL11
 532 0248 2E010000 		.4byte	0x12e
 533 024c 00       		.byte	0
 534 024d 19       		.uleb128 0x19
 535 024e 8A000000 		.4byte	.LASF33
 536 0252 8A000000 		.4byte	.LASF33
 537 0256 1A       		.uleb128 0x1a
 538 0257 EB010000 		.4byte	.LASF26
 539 025b EB010000 		.4byte	.LASF26
 540 025f 04       		.byte	0x4
 541 0260 6C       		.byte	0x6c
 542 0261 1A       		.uleb128 0x1a
 543 0262 0D000000 		.4byte	.LASF27
 544 0266 0D000000 		.4byte	.LASF27
 545 026a 04       		.byte	0x4
 546 026b BD       		.byte	0xbd
 547 026c 1A       		.uleb128 0x1a
 548 026d D7000000 		.4byte	.LASF28
 549 0271 D7000000 		.4byte	.LASF28
 550 0275 04       		.byte	0x4
 551 0276 C3       		.byte	0xc3
 552 0277 00       		.byte	0
 553              		.section	.debug_abbrev,"",%progbits
 554              	.Ldebug_abbrev0:
 555 0000 01       		.uleb128 0x1
 556 0001 11       		.uleb128 0x11
 557 0002 01       		.byte	0x1
 558 0003 25       		.uleb128 0x25
 559 0004 0E       		.uleb128 0xe
 560 0005 13       		.uleb128 0x13
 561 0006 0B       		.uleb128 0xb
 562 0007 03       		.uleb128 0x3
 563 0008 0E       		.uleb128 0xe
 564 0009 1B       		.uleb128 0x1b
 565 000a 0E       		.uleb128 0xe
ARM GAS  C:\Users\0\AppData\Local\Temp\ccrE44uv.s 			page 16


 566 000b 55       		.uleb128 0x55
 567 000c 17       		.uleb128 0x17
 568 000d 11       		.uleb128 0x11
 569 000e 01       		.uleb128 0x1
 570 000f 10       		.uleb128 0x10
 571 0010 17       		.uleb128 0x17
 572 0011 00       		.byte	0
 573 0012 00       		.byte	0
 574 0013 02       		.uleb128 0x2
 575 0014 24       		.uleb128 0x24
 576 0015 00       		.byte	0
 577 0016 0B       		.uleb128 0xb
 578 0017 0B       		.uleb128 0xb
 579 0018 3E       		.uleb128 0x3e
 580 0019 0B       		.uleb128 0xb
 581 001a 03       		.uleb128 0x3
 582 001b 08       		.uleb128 0x8
 583 001c 00       		.byte	0
 584 001d 00       		.byte	0
 585 001e 03       		.uleb128 0x3
 586 001f 16       		.uleb128 0x16
 587 0020 00       		.byte	0
 588 0021 03       		.uleb128 0x3
 589 0022 0E       		.uleb128 0xe
 590 0023 3A       		.uleb128 0x3a
 591 0024 0B       		.uleb128 0xb
 592 0025 3B       		.uleb128 0x3b
 593 0026 0B       		.uleb128 0xb
 594 0027 49       		.uleb128 0x49
 595 0028 13       		.uleb128 0x13
 596 0029 00       		.byte	0
 597 002a 00       		.byte	0
 598 002b 04       		.uleb128 0x4
 599 002c 24       		.uleb128 0x24
 600 002d 00       		.byte	0
 601 002e 0B       		.uleb128 0xb
 602 002f 0B       		.uleb128 0xb
 603 0030 3E       		.uleb128 0x3e
 604 0031 0B       		.uleb128 0xb
 605 0032 03       		.uleb128 0x3
 606 0033 0E       		.uleb128 0xe
 607 0034 00       		.byte	0
 608 0035 00       		.byte	0
 609 0036 05       		.uleb128 0x5
 610 0037 0F       		.uleb128 0xf
 611 0038 00       		.byte	0
 612 0039 0B       		.uleb128 0xb
 613 003a 0B       		.uleb128 0xb
 614 003b 00       		.byte	0
 615 003c 00       		.byte	0
 616 003d 06       		.uleb128 0x6
 617 003e 16       		.uleb128 0x16
 618 003f 00       		.byte	0
 619 0040 03       		.uleb128 0x3
 620 0041 0E       		.uleb128 0xe
 621 0042 3A       		.uleb128 0x3a
 622 0043 0B       		.uleb128 0xb
ARM GAS  C:\Users\0\AppData\Local\Temp\ccrE44uv.s 			page 17


 623 0044 3B       		.uleb128 0x3b
 624 0045 05       		.uleb128 0x5
 625 0046 49       		.uleb128 0x49
 626 0047 13       		.uleb128 0x13
 627 0048 00       		.byte	0
 628 0049 00       		.byte	0
 629 004a 07       		.uleb128 0x7
 630 004b 35       		.uleb128 0x35
 631 004c 00       		.byte	0
 632 004d 49       		.uleb128 0x49
 633 004e 13       		.uleb128 0x13
 634 004f 00       		.byte	0
 635 0050 00       		.byte	0
 636 0051 08       		.uleb128 0x8
 637 0052 2E       		.uleb128 0x2e
 638 0053 01       		.byte	0x1
 639 0054 03       		.uleb128 0x3
 640 0055 0E       		.uleb128 0xe
 641 0056 3A       		.uleb128 0x3a
 642 0057 0B       		.uleb128 0xb
 643 0058 3B       		.uleb128 0x3b
 644 0059 0B       		.uleb128 0xb
 645 005a 27       		.uleb128 0x27
 646 005b 19       		.uleb128 0x19
 647 005c 11       		.uleb128 0x11
 648 005d 01       		.uleb128 0x1
 649 005e 12       		.uleb128 0x12
 650 005f 06       		.uleb128 0x6
 651 0060 40       		.uleb128 0x40
 652 0061 18       		.uleb128 0x18
 653 0062 9742     		.uleb128 0x2117
 654 0064 19       		.uleb128 0x19
 655 0065 01       		.uleb128 0x1
 656 0066 13       		.uleb128 0x13
 657 0067 00       		.byte	0
 658 0068 00       		.byte	0
 659 0069 09       		.uleb128 0x9
 660 006a 05       		.uleb128 0x5
 661 006b 00       		.byte	0
 662 006c 03       		.uleb128 0x3
 663 006d 08       		.uleb128 0x8
 664 006e 3A       		.uleb128 0x3a
 665 006f 0B       		.uleb128 0xb
 666 0070 3B       		.uleb128 0x3b
 667 0071 0B       		.uleb128 0xb
 668 0072 49       		.uleb128 0x49
 669 0073 13       		.uleb128 0x13
 670 0074 02       		.uleb128 0x2
 671 0075 17       		.uleb128 0x17
 672 0076 00       		.byte	0
 673 0077 00       		.byte	0
 674 0078 0A       		.uleb128 0xa
 675 0079 898201   		.uleb128 0x4109
 676 007c 01       		.byte	0x1
 677 007d 11       		.uleb128 0x11
 678 007e 01       		.uleb128 0x1
 679 007f 31       		.uleb128 0x31
ARM GAS  C:\Users\0\AppData\Local\Temp\ccrE44uv.s 			page 18


 680 0080 13       		.uleb128 0x13
 681 0081 00       		.byte	0
 682 0082 00       		.byte	0
 683 0083 0B       		.uleb128 0xb
 684 0084 8A8201   		.uleb128 0x410a
 685 0087 00       		.byte	0
 686 0088 02       		.uleb128 0x2
 687 0089 18       		.uleb128 0x18
 688 008a 9142     		.uleb128 0x2111
 689 008c 18       		.uleb128 0x18
 690 008d 00       		.byte	0
 691 008e 00       		.byte	0
 692 008f 0C       		.uleb128 0xc
 693 0090 898201   		.uleb128 0x4109
 694 0093 01       		.byte	0x1
 695 0094 11       		.uleb128 0x11
 696 0095 01       		.uleb128 0x1
 697 0096 31       		.uleb128 0x31
 698 0097 13       		.uleb128 0x13
 699 0098 01       		.uleb128 0x1
 700 0099 13       		.uleb128 0x13
 701 009a 00       		.byte	0
 702 009b 00       		.byte	0
 703 009c 0D       		.uleb128 0xd
 704 009d 2E       		.uleb128 0x2e
 705 009e 01       		.byte	0x1
 706 009f 3F       		.uleb128 0x3f
 707 00a0 19       		.uleb128 0x19
 708 00a1 03       		.uleb128 0x3
 709 00a2 0E       		.uleb128 0xe
 710 00a3 3A       		.uleb128 0x3a
 711 00a4 0B       		.uleb128 0xb
 712 00a5 3B       		.uleb128 0x3b
 713 00a6 0B       		.uleb128 0xb
 714 00a7 27       		.uleb128 0x27
 715 00a8 19       		.uleb128 0x19
 716 00a9 11       		.uleb128 0x11
 717 00aa 01       		.uleb128 0x1
 718 00ab 12       		.uleb128 0x12
 719 00ac 06       		.uleb128 0x6
 720 00ad 40       		.uleb128 0x40
 721 00ae 18       		.uleb128 0x18
 722 00af 9742     		.uleb128 0x2117
 723 00b1 19       		.uleb128 0x19
 724 00b2 01       		.uleb128 0x1
 725 00b3 13       		.uleb128 0x13
 726 00b4 00       		.byte	0
 727 00b5 00       		.byte	0
 728 00b6 0E       		.uleb128 0xe
 729 00b7 0B       		.uleb128 0xb
 730 00b8 01       		.byte	0x1
 731 00b9 11       		.uleb128 0x11
 732 00ba 01       		.uleb128 0x1
 733 00bb 12       		.uleb128 0x12
 734 00bc 06       		.uleb128 0x6
 735 00bd 01       		.uleb128 0x1
 736 00be 13       		.uleb128 0x13
ARM GAS  C:\Users\0\AppData\Local\Temp\ccrE44uv.s 			page 19


 737 00bf 00       		.byte	0
 738 00c0 00       		.byte	0
 739 00c1 0F       		.uleb128 0xf
 740 00c2 13       		.uleb128 0x13
 741 00c3 01       		.byte	0x1
 742 00c4 0B       		.uleb128 0xb
 743 00c5 0B       		.uleb128 0xb
 744 00c6 3A       		.uleb128 0x3a
 745 00c7 0B       		.uleb128 0xb
 746 00c8 3B       		.uleb128 0x3b
 747 00c9 0B       		.uleb128 0xb
 748 00ca 01       		.uleb128 0x1
 749 00cb 13       		.uleb128 0x13
 750 00cc 00       		.byte	0
 751 00cd 00       		.byte	0
 752 00ce 10       		.uleb128 0x10
 753 00cf 0D       		.uleb128 0xd
 754 00d0 00       		.byte	0
 755 00d1 03       		.uleb128 0x3
 756 00d2 0E       		.uleb128 0xe
 757 00d3 3A       		.uleb128 0x3a
 758 00d4 0B       		.uleb128 0xb
 759 00d5 3B       		.uleb128 0x3b
 760 00d6 0B       		.uleb128 0xb
 761 00d7 49       		.uleb128 0x49
 762 00d8 13       		.uleb128 0x13
 763 00d9 38       		.uleb128 0x38
 764 00da 0B       		.uleb128 0xb
 765 00db 00       		.byte	0
 766 00dc 00       		.byte	0
 767 00dd 11       		.uleb128 0x11
 768 00de 01       		.uleb128 0x1
 769 00df 01       		.byte	0x1
 770 00e0 49       		.uleb128 0x49
 771 00e1 13       		.uleb128 0x13
 772 00e2 01       		.uleb128 0x1
 773 00e3 13       		.uleb128 0x13
 774 00e4 00       		.byte	0
 775 00e5 00       		.byte	0
 776 00e6 12       		.uleb128 0x12
 777 00e7 21       		.uleb128 0x21
 778 00e8 00       		.byte	0
 779 00e9 49       		.uleb128 0x49
 780 00ea 13       		.uleb128 0x13
 781 00eb 2F       		.uleb128 0x2f
 782 00ec 0B       		.uleb128 0xb
 783 00ed 00       		.byte	0
 784 00ee 00       		.byte	0
 785 00ef 13       		.uleb128 0x13
 786 00f0 26       		.uleb128 0x26
 787 00f1 00       		.byte	0
 788 00f2 49       		.uleb128 0x49
 789 00f3 13       		.uleb128 0x13
 790 00f4 00       		.byte	0
 791 00f5 00       		.byte	0
 792 00f6 14       		.uleb128 0x14
 793 00f7 34       		.uleb128 0x34
ARM GAS  C:\Users\0\AppData\Local\Temp\ccrE44uv.s 			page 20


 794 00f8 00       		.byte	0
 795 00f9 03       		.uleb128 0x3
 796 00fa 0E       		.uleb128 0xe
 797 00fb 3A       		.uleb128 0x3a
 798 00fc 0B       		.uleb128 0xb
 799 00fd 3B       		.uleb128 0x3b
 800 00fe 0B       		.uleb128 0xb
 801 00ff 49       		.uleb128 0x49
 802 0100 13       		.uleb128 0x13
 803 0101 02       		.uleb128 0x2
 804 0102 18       		.uleb128 0x18
 805 0103 00       		.byte	0
 806 0104 00       		.byte	0
 807 0105 15       		.uleb128 0x15
 808 0106 34       		.uleb128 0x34
 809 0107 00       		.byte	0
 810 0108 03       		.uleb128 0x3
 811 0109 08       		.uleb128 0x8
 812 010a 3A       		.uleb128 0x3a
 813 010b 0B       		.uleb128 0xb
 814 010c 3B       		.uleb128 0x3b
 815 010d 05       		.uleb128 0x5
 816 010e 49       		.uleb128 0x49
 817 010f 13       		.uleb128 0x13
 818 0110 02       		.uleb128 0x2
 819 0111 17       		.uleb128 0x17
 820 0112 00       		.byte	0
 821 0113 00       		.byte	0
 822 0114 16       		.uleb128 0x16
 823 0115 0B       		.uleb128 0xb
 824 0116 01       		.byte	0x1
 825 0117 11       		.uleb128 0x11
 826 0118 01       		.uleb128 0x1
 827 0119 12       		.uleb128 0x12
 828 011a 06       		.uleb128 0x6
 829 011b 00       		.byte	0
 830 011c 00       		.byte	0
 831 011d 17       		.uleb128 0x17
 832 011e 0F       		.uleb128 0xf
 833 011f 00       		.byte	0
 834 0120 0B       		.uleb128 0xb
 835 0121 0B       		.uleb128 0xb
 836 0122 49       		.uleb128 0x49
 837 0123 13       		.uleb128 0x13
 838 0124 00       		.byte	0
 839 0125 00       		.byte	0
 840 0126 18       		.uleb128 0x18
 841 0127 898201   		.uleb128 0x4109
 842 012a 00       		.byte	0
 843 012b 11       		.uleb128 0x11
 844 012c 01       		.uleb128 0x1
 845 012d 31       		.uleb128 0x31
 846 012e 13       		.uleb128 0x13
 847 012f 00       		.byte	0
 848 0130 00       		.byte	0
 849 0131 19       		.uleb128 0x19
 850 0132 2E       		.uleb128 0x2e
ARM GAS  C:\Users\0\AppData\Local\Temp\ccrE44uv.s 			page 21


 851 0133 00       		.byte	0
 852 0134 3F       		.uleb128 0x3f
 853 0135 19       		.uleb128 0x19
 854 0136 3C       		.uleb128 0x3c
 855 0137 19       		.uleb128 0x19
 856 0138 6E       		.uleb128 0x6e
 857 0139 0E       		.uleb128 0xe
 858 013a 03       		.uleb128 0x3
 859 013b 0E       		.uleb128 0xe
 860 013c 00       		.byte	0
 861 013d 00       		.byte	0
 862 013e 1A       		.uleb128 0x1a
 863 013f 2E       		.uleb128 0x2e
 864 0140 00       		.byte	0
 865 0141 3F       		.uleb128 0x3f
 866 0142 19       		.uleb128 0x19
 867 0143 3C       		.uleb128 0x3c
 868 0144 19       		.uleb128 0x19
 869 0145 6E       		.uleb128 0x6e
 870 0146 0E       		.uleb128 0xe
 871 0147 03       		.uleb128 0x3
 872 0148 0E       		.uleb128 0xe
 873 0149 3A       		.uleb128 0x3a
 874 014a 0B       		.uleb128 0xb
 875 014b 3B       		.uleb128 0x3b
 876 014c 0B       		.uleb128 0xb
 877 014d 00       		.byte	0
 878 014e 00       		.byte	0
 879 014f 00       		.byte	0
 880              		.section	.debug_loc,"",%progbits
 881              	.Ldebug_loc0:
 882              	.LLST0:
 883 0000 00000000 		.4byte	.LVL0
 884 0004 09000000 		.4byte	.LVL2-1
 885 0008 0100     		.2byte	0x1
 886 000a 50       		.byte	0x50
 887 000b 09000000 		.4byte	.LVL2-1
 888 000f 0C000000 		.4byte	.LFE0
 889 0013 0400     		.2byte	0x4
 890 0015 F3       		.byte	0xf3
 891 0016 01       		.uleb128 0x1
 892 0017 50       		.byte	0x50
 893 0018 9F       		.byte	0x9f
 894 0019 00000000 		.4byte	0
 895 001d 00000000 		.4byte	0
 896              	.LLST1:
 897 0021 00000000 		.4byte	.LVL0
 898 0025 06000000 		.4byte	.LVL1
 899 0029 0100     		.2byte	0x1
 900 002b 51       		.byte	0x51
 901 002c 06000000 		.4byte	.LVL1
 902 0030 09000000 		.4byte	.LVL2-1
 903 0034 0100     		.2byte	0x1
 904 0036 52       		.byte	0x52
 905 0037 09000000 		.4byte	.LVL2-1
 906 003b 0C000000 		.4byte	.LFE0
 907 003f 0400     		.2byte	0x4
ARM GAS  C:\Users\0\AppData\Local\Temp\ccrE44uv.s 			page 22


 908 0041 F3       		.byte	0xf3
 909 0042 01       		.uleb128 0x1
 910 0043 51       		.byte	0x51
 911 0044 9F       		.byte	0x9f
 912 0045 00000000 		.4byte	0
 913 0049 00000000 		.4byte	0
 914              	.LLST2:
 915 004d 60000000 		.4byte	.LVL6
 916 0051 64000000 		.4byte	.LVL7
 917 0055 0200     		.2byte	0x2
 918 0057 30       		.byte	0x30
 919 0058 9F       		.byte	0x9f
 920 0059 64000000 		.4byte	.LVL7
 921 005d 82000000 		.4byte	.LVL9
 922 0061 0100     		.2byte	0x1
 923 0063 54       		.byte	0x54
 924 0064 84000000 		.4byte	.LVL10
 925 0068 B4000000 		.4byte	.LVL12
 926 006c 0100     		.2byte	0x1
 927 006e 54       		.byte	0x54
 928 006f 00000000 		.4byte	0
 929 0073 00000000 		.4byte	0
 930              	.LLST3:
 931 0077 64000000 		.4byte	.LVL7
 932 007b 82000000 		.4byte	.LVL9
 933 007f 0B00     		.2byte	0xb
 934 0081 74       		.byte	0x74
 935 0082 00       		.sleb128 0
 936 0083 36       		.byte	0x36
 937 0084 1E       		.byte	0x1e
 938 0085 03       		.byte	0x3
 939 0086 00000000 		.4byte	cfg_memset_list.4847
 940 008a 22       		.byte	0x22
 941 008b 9F       		.byte	0x9f
 942 008c 82000000 		.4byte	.LVL9
 943 0090 84000000 		.4byte	.LVL10
 944 0094 0B00     		.2byte	0xb
 945 0096 74       		.byte	0x74
 946 0097 7F       		.sleb128 -1
 947 0098 36       		.byte	0x36
 948 0099 1E       		.byte	0x1e
 949 009a 03       		.byte	0x3
 950 009b 00000000 		.4byte	cfg_memset_list.4847
 951 009f 22       		.byte	0x22
 952 00a0 9F       		.byte	0x9f
 953 00a1 00000000 		.4byte	0
 954 00a5 00000000 		.4byte	0
 955              		.section	.debug_aranges,"",%progbits
 956 0000 2C000000 		.4byte	0x2c
 957 0004 0200     		.2byte	0x2
 958 0006 00000000 		.4byte	.Ldebug_info0
 959 000a 04       		.byte	0x4
 960 000b 00       		.byte	0
 961 000c 0000     		.2byte	0
 962 000e 0000     		.2byte	0
 963 0010 00000000 		.4byte	.LFB0
 964 0014 0C000000 		.4byte	.LFE0-.LFB0
ARM GAS  C:\Users\0\AppData\Local\Temp\ccrE44uv.s 			page 23


 965 0018 00000000 		.4byte	.LFB3
 966 001c 5C000000 		.4byte	.LFE3-.LFB3
 967 0020 5C000000 		.4byte	.LFB5
 968 0024 78000000 		.4byte	.LFE5-.LFB5
 969 0028 00000000 		.4byte	0
 970 002c 00000000 		.4byte	0
 971              		.section	.debug_ranges,"",%progbits
 972              	.Ldebug_ranges0:
 973 0000 00000000 		.4byte	.LFB0
 974 0004 0C000000 		.4byte	.LFE0
 975 0008 00000000 		.4byte	.LFB3
 976 000c 5C000000 		.4byte	.LFE3
 977 0010 5C000000 		.4byte	.LFB5
 978 0014 D4000000 		.4byte	.LFE5
 979 0018 00000000 		.4byte	0
 980 001c 00000000 		.4byte	0
 981              		.section	.debug_line,"",%progbits
 982              	.Ldebug_line0:
 983 0000 27010000 		.section	.debug_str,"MS",%progbits,1
 983      0200D600 
 983      00000201 
 983      FB0E0D00 
 983      01010101 
 984              	.LASF19:
 985 0000 72656733 		.ascii	"reg32\000"
 985      3200
 986              	.LASF12:
 987 0006 73697A65 		.ascii	"size_t\000"
 987      5F7400
 988              	.LASF27:
 989 000d 4379496E 		.ascii	"CyIntSetVector\000"
 989      74536574 
 989      56656374 
 989      6F7200
 990              	.LASF25:
 991 001c 6366675F 		.ascii	"cfg_memset_list\000"
 991      6D656D73 
 991      65745F6C 
 991      69737400 
 992              	.LASF21:
 993 002c 436C6F63 		.ascii	"ClockSetup\000"
 993      6B536574 
 993      757000
 994              	.LASF6:
 995 0037 73686F72 		.ascii	"short unsigned int\000"
 995      7420756E 
 995      7369676E 
 995      65642069 
 995      6E7400
 996              	.LASF16:
 997 004a 666C6F61 		.ascii	"float\000"
 997      7400
 998              	.LASF23:
 999 0050 73697A65 		.ascii	"size\000"
 999      00
 1000              	.LASF18:
 1001 0055 72656738 		.ascii	"reg8\000"
ARM GAS  C:\Users\0\AppData\Local\Temp\ccrE44uv.s 			page 24


 1001      00
 1002              	.LASF8:
 1003 005a 6C6F6E67 		.ascii	"long unsigned int\000"
 1003      20756E73 
 1003      69676E65 
 1003      6420696E 
 1003      7400
 1004              	.LASF13:
 1005 006c 75696E74 		.ascii	"uint8\000"
 1005      3800
 1006              	.LASF20:
 1007 0072 43594D45 		.ascii	"CYMEMZERO\000"
 1007      4D5A4552 
 1007      4F00
 1008              	.LASF4:
 1009 007c 756E7369 		.ascii	"unsigned char\000"
 1009      676E6564 
 1009      20636861 
 1009      7200
 1010              	.LASF33:
 1011 008a 6D656D73 		.ascii	"memset\000"
 1011      657400
 1012              	.LASF17:
 1013 0091 646F7562 		.ascii	"double\000"
 1013      6C6500
 1014              	.LASF31:
 1015 0098 433A5C55 		.ascii	"C:\\Users\\0\\Documents\\PSoC Creator\\Workspace02\\"
 1015      73657273 
 1015      5C305C44 
 1015      6F63756D 
 1015      656E7473 
 1016 00c6 636F756E 		.ascii	"counterLCD.cydsn\000"
 1016      7465724C 
 1016      43442E63 
 1016      7964736E 
 1016      00
 1017              	.LASF28:
 1018 00d7 4379496E 		.ascii	"CyIntEnable\000"
 1018      74456E61 
 1018      626C6500 
 1019              	.LASF14:
 1020 00e3 75696E74 		.ascii	"uint16\000"
 1020      313600
 1021              	.LASF15:
 1022 00ea 75696E74 		.ascii	"uint32\000"
 1022      333200
 1023              	.LASF0:
 1024 00f1 756E7369 		.ascii	"unsigned int\000"
 1024      676E6564 
 1024      20696E74 
 1024      00
 1025              	.LASF32:
 1026 00fe 63796669 		.ascii	"cyfitter_cfg\000"
 1026      74746572 
 1026      5F636667 
 1026      00
 1027              	.LASF22:
ARM GAS  C:\Users\0\AppData\Local\Temp\ccrE44uv.s 			page 25


 1028 010b 61646472 		.ascii	"address\000"
 1028      65737300 
 1029              	.LASF9:
 1030 0113 6C6F6E67 		.ascii	"long long unsigned int\000"
 1030      206C6F6E 
 1030      6720756E 
 1030      7369676E 
 1030      65642069 
 1031              	.LASF29:
 1032 012a 474E5520 		.ascii	"GNU C11 5.4.1 20160609 (release) [ARM/embedded-5-br"
 1032      43313120 
 1032      352E342E 
 1032      31203230 
 1032      31363036 
 1033 015d 616E6368 		.ascii	"anch revision 237715] -mcpu=cortex-m0 -mthumb -g -O"
 1033      20726576 
 1033      6973696F 
 1033      6E203233 
 1033      37373135 
 1034 0190 67202D66 		.ascii	"g -ffunction-sections -ffat-lto-objects\000"
 1034      66756E63 
 1034      74696F6E 
 1034      2D736563 
 1034      74696F6E 
 1035              	.LASF24:
 1036 01b8 6366675F 		.ascii	"cfg_memset_t\000"
 1036      6D656D73 
 1036      65745F74 
 1036      00
 1037              	.LASF10:
 1038 01c5 73697A65 		.ascii	"sizetype\000"
 1038      74797065 
 1038      00
 1039              	.LASF1:
 1040 01ce 6C6F6E67 		.ascii	"long long int\000"
 1040      206C6F6E 
 1040      6720696E 
 1040      7400
 1041              	.LASF11:
 1042 01dc 63686172 		.ascii	"char\000"
 1042      00
 1043              	.LASF5:
 1044 01e1 73686F72 		.ascii	"short int\000"
 1044      7420696E 
 1044      7400
 1045              	.LASF26:
 1046 01eb 43795379 		.ascii	"CySysClkWriteImoFreq\000"
 1046      73436C6B 
 1046      57726974 
 1046      65496D6F 
 1046      46726571 
 1047              	.LASF7:
 1048 0200 6C6F6E67 		.ascii	"long int\000"
 1048      20696E74 
 1048      00
 1049              	.LASF2:
 1050 0209 6C6F6E67 		.ascii	"long double\000"
ARM GAS  C:\Users\0\AppData\Local\Temp\ccrE44uv.s 			page 26


 1050      20646F75 
 1050      626C6500 
 1051              	.LASF3:
 1052 0215 7369676E 		.ascii	"signed char\000"
 1052      65642063 
 1052      68617200 
 1053              	.LASF30:
 1054 0221 47656E65 		.ascii	"Generated_Source\\PSoC4\\cyfitter_cfg.c\000"
 1054      72617465 
 1054      645F536F 
 1054      75726365 
 1054      5C50536F 
 1055              		.ident	"GCC: (GNU Tools for ARM Embedded Processors) 5.4.1 20160609 (release) [ARM/embedded-5-bran
