ARM GAS  C:\Users\0\AppData\Local\Temp\ccGYhQcS.s 			page 1


   1              		.syntax unified
   2              		.cpu cortex-m0
   3              		.fpu softvfp
   4              		.eabi_attribute 20, 1
   5              		.eabi_attribute 21, 1
   6              		.eabi_attribute 23, 3
   7              		.eabi_attribute 24, 1
   8              		.eabi_attribute 25, 1
   9              		.eabi_attribute 26, 1
  10              		.eabi_attribute 30, 1
  11              		.eabi_attribute 34, 0
  12              		.eabi_attribute 18, 4
  13              		.thumb
  14              		.syntax unified
  15              		.file	"main.c"
  16              		.text
  17              	.Ltext0:
  18              		.cfi_sections	.debug_frame
  19              		.section	.text.main,"ax",%progbits
  20              		.align	2
  21              		.global	main
  22              		.code	16
  23              		.thumb_func
  24              		.type	main, %function
  25              	main:
  26              	.LFB32:
  27              		.file 1 "main.c"
   1:main.c        **** /* ========================================
   2:main.c        ****  *
   3:main.c        ****  * Copyright YOUR COMPANY, THE YEAR
   4:main.c        ****  * All Rights Reserved
   5:main.c        ****  * UNPUBLISHED, LICENSED SOFTWARE.
   6:main.c        ****  *
   7:main.c        ****  * CONFIDENTIAL AND PROPRIETARY INFORMATION
   8:main.c        ****  * WHICH IS THE PROPERTY OF your company.
   9:main.c        ****  *
  10:main.c        ****  * ========================================
  11:main.c        **** */
  12:main.c        **** #include "project.h"
  13:main.c        **** 
  14:main.c        **** int main(void)
  15:main.c        **** {
  28              		.loc 1 15 0
  29              		.cfi_startproc
  30              		@ Volatile: function does not return.
  31              		@ args = 0, pretend = 0, frame = 0
  32              		@ frame_needed = 0, uses_anonymous_args = 0
  33 0000 10B5     		push	{r4, lr}
  34              		.cfi_def_cfa_offset 8
  35              		.cfi_offset 4, -8
  36              		.cfi_offset 14, -4
  16:main.c        ****     CyGlobalIntEnable; /* Enable global interrupts. */
  37              		.loc 1 16 0
  38              		.syntax divided
  39              	@ 16 "main.c" 1
  40 0002 62B6     		CPSIE   i
  41              	@ 0 "" 2
ARM GAS  C:\Users\0\AppData\Local\Temp\ccGYhQcS.s 			page 2


  17:main.c        **** 
  18:main.c        ****     /* Place your initialization/startup code here (e.g. MyInst_Start()) */
  19:main.c        ****      Pin_37_Write(0x01);
  42              		.loc 1 19 0
  43              		.thumb
  44              		.syntax unified
  45 0004 0120     		movs	r0, #1
  46 0006 FFF7FEFF 		bl	Pin_37_Write
  47              	.LVL0:
  48              	.L2:
  20:main.c        ****     for(;;)
  21:main.c        ****     {
  22:main.c        ****         /* Place your application code here. */
  23:main.c        ****          if(!Pin_36_Read()){
  49              		.loc 1 23 0
  50 000a FFF7FEFF 		bl	Pin_36_Read
  51              	.LVL1:
  52 000e 0028     		cmp	r0, #0
  53 0010 FBD1     		bne	.L2
  24:main.c        ****             Pin_35_Write(0x00);
  54              		.loc 1 24 0
  55 0012 FFF7FEFF 		bl	Pin_35_Write
  56              	.LVL2:
  57 0016 F8E7     		b	.L2
  58              		.cfi_endproc
  59              	.LFE32:
  60              		.size	main, .-main
  61              		.text
  62              	.Letext0:
  63              		.file 2 "Generated_Source\\PSoC4/Pin_37.h"
  64              		.file 3 "Generated_Source\\PSoC4/Pin_36.h"
  65              		.file 4 "Generated_Source\\PSoC4/Pin_35.h"
  66              		.section	.debug_info,"",%progbits
  67              	.Ldebug_info0:
  68 0000 EB000000 		.4byte	0xeb
  69 0004 0400     		.2byte	0x4
  70 0006 00000000 		.4byte	.Ldebug_abbrev0
  71 000a 04       		.byte	0x4
  72 000b 01       		.uleb128 0x1
  73 000c D2000000 		.4byte	.LASF17
  74 0010 0C       		.byte	0xc
  75 0011 1B000000 		.4byte	.LASF18
  76 0015 8C000000 		.4byte	.LASF19
  77 0019 00000000 		.4byte	.Ldebug_ranges0+0
  78 001d 00000000 		.4byte	0
  79 0021 00000000 		.4byte	.Ldebug_line0
  80 0025 02       		.uleb128 0x2
  81 0026 01       		.byte	0x1
  82 0027 06       		.byte	0x6
  83 0028 73010000 		.4byte	.LASF0
  84 002c 02       		.uleb128 0x2
  85 002d 01       		.byte	0x1
  86 002e 08       		.byte	0x8
  87 002f 70000000 		.4byte	.LASF1
  88 0033 02       		.uleb128 0x2
  89 0034 02       		.byte	0x2
  90 0035 05       		.byte	0x5
ARM GAS  C:\Users\0\AppData\Local\Temp\ccGYhQcS.s 			page 3


  91 0036 8B010000 		.4byte	.LASF2
  92 003a 02       		.uleb128 0x2
  93 003b 02       		.byte	0x2
  94 003c 07       		.byte	0x7
  95 003d 60010000 		.4byte	.LASF3
  96 0041 02       		.uleb128 0x2
  97 0042 04       		.byte	0x4
  98 0043 05       		.byte	0x5
  99 0044 83000000 		.4byte	.LASF4
 100 0048 02       		.uleb128 0x2
 101 0049 04       		.byte	0x4
 102 004a 07       		.byte	0x7
 103 004b 41000000 		.4byte	.LASF5
 104 004f 02       		.uleb128 0x2
 105 0050 08       		.byte	0x8
 106 0051 05       		.byte	0x5
 107 0052 00000000 		.4byte	.LASF6
 108 0056 02       		.uleb128 0x2
 109 0057 08       		.byte	0x8
 110 0058 07       		.byte	0x7
 111 0059 53000000 		.4byte	.LASF7
 112 005d 03       		.uleb128 0x3
 113 005e 04       		.byte	0x4
 114 005f 05       		.byte	0x5
 115 0060 696E7400 		.ascii	"int\000"
 116 0064 02       		.uleb128 0x2
 117 0065 04       		.byte	0x4
 118 0066 07       		.byte	0x7
 119 0067 0E000000 		.4byte	.LASF8
 120 006b 02       		.uleb128 0x2
 121 006c 04       		.byte	0x4
 122 006d 04       		.byte	0x4
 123 006e 6A000000 		.4byte	.LASF9
 124 0072 02       		.uleb128 0x2
 125 0073 08       		.byte	0x8
 126 0074 04       		.byte	0x4
 127 0075 CB000000 		.4byte	.LASF10
 128 0079 02       		.uleb128 0x2
 129 007a 01       		.byte	0x1
 130 007b 08       		.byte	0x8
 131 007c 7E000000 		.4byte	.LASF11
 132 0080 02       		.uleb128 0x2
 133 0081 08       		.byte	0x8
 134 0082 04       		.byte	0x4
 135 0083 7F010000 		.4byte	.LASF12
 136 0087 02       		.uleb128 0x2
 137 0088 04       		.byte	0x4
 138 0089 07       		.byte	0x7
 139 008a 95010000 		.4byte	.LASF13
 140 008e 04       		.uleb128 0x4
 141 008f 22000000 		.4byte	.LASF20
 142 0093 01       		.byte	0x1
 143 0094 0E       		.byte	0xe
 144 0095 5D000000 		.4byte	0x5d
 145 0099 00000000 		.4byte	.LFB32
 146 009d 18000000 		.4byte	.LFE32-.LFB32
 147 00a1 01       		.uleb128 0x1
ARM GAS  C:\Users\0\AppData\Local\Temp\ccGYhQcS.s 			page 4


 148 00a2 9C       		.byte	0x9c
 149 00a3 CD000000 		.4byte	0xcd
 150 00a7 05       		.uleb128 0x5
 151 00a8 0A000000 		.4byte	.LVL0
 152 00ac CD000000 		.4byte	0xcd
 153 00b0 BA000000 		.4byte	0xba
 154 00b4 06       		.uleb128 0x6
 155 00b5 01       		.uleb128 0x1
 156 00b6 50       		.byte	0x50
 157 00b7 01       		.uleb128 0x1
 158 00b8 31       		.byte	0x31
 159 00b9 00       		.byte	0
 160 00ba 07       		.uleb128 0x7
 161 00bb 0E000000 		.4byte	.LVL1
 162 00bf D8000000 		.4byte	0xd8
 163 00c3 07       		.uleb128 0x7
 164 00c4 16000000 		.4byte	.LVL2
 165 00c8 E3000000 		.4byte	0xe3
 166 00cc 00       		.byte	0
 167 00cd 08       		.uleb128 0x8
 168 00ce 27000000 		.4byte	.LASF14
 169 00d2 27000000 		.4byte	.LASF14
 170 00d6 02       		.byte	0x2
 171 00d7 33       		.byte	0x33
 172 00d8 08       		.uleb128 0x8
 173 00d9 9E010000 		.4byte	.LASF15
 174 00dd 9E010000 		.4byte	.LASF15
 175 00e1 03       		.byte	0x3
 176 00e2 32       		.byte	0x32
 177 00e3 08       		.uleb128 0x8
 178 00e4 34000000 		.4byte	.LASF16
 179 00e8 34000000 		.4byte	.LASF16
 180 00ec 04       		.byte	0x4
 181 00ed 33       		.byte	0x33
 182 00ee 00       		.byte	0
 183              		.section	.debug_abbrev,"",%progbits
 184              	.Ldebug_abbrev0:
 185 0000 01       		.uleb128 0x1
 186 0001 11       		.uleb128 0x11
 187 0002 01       		.byte	0x1
 188 0003 25       		.uleb128 0x25
 189 0004 0E       		.uleb128 0xe
 190 0005 13       		.uleb128 0x13
 191 0006 0B       		.uleb128 0xb
 192 0007 03       		.uleb128 0x3
 193 0008 0E       		.uleb128 0xe
 194 0009 1B       		.uleb128 0x1b
 195 000a 0E       		.uleb128 0xe
 196 000b 55       		.uleb128 0x55
 197 000c 17       		.uleb128 0x17
 198 000d 11       		.uleb128 0x11
 199 000e 01       		.uleb128 0x1
 200 000f 10       		.uleb128 0x10
 201 0010 17       		.uleb128 0x17
 202 0011 00       		.byte	0
 203 0012 00       		.byte	0
 204 0013 02       		.uleb128 0x2
ARM GAS  C:\Users\0\AppData\Local\Temp\ccGYhQcS.s 			page 5


 205 0014 24       		.uleb128 0x24
 206 0015 00       		.byte	0
 207 0016 0B       		.uleb128 0xb
 208 0017 0B       		.uleb128 0xb
 209 0018 3E       		.uleb128 0x3e
 210 0019 0B       		.uleb128 0xb
 211 001a 03       		.uleb128 0x3
 212 001b 0E       		.uleb128 0xe
 213 001c 00       		.byte	0
 214 001d 00       		.byte	0
 215 001e 03       		.uleb128 0x3
 216 001f 24       		.uleb128 0x24
 217 0020 00       		.byte	0
 218 0021 0B       		.uleb128 0xb
 219 0022 0B       		.uleb128 0xb
 220 0023 3E       		.uleb128 0x3e
 221 0024 0B       		.uleb128 0xb
 222 0025 03       		.uleb128 0x3
 223 0026 08       		.uleb128 0x8
 224 0027 00       		.byte	0
 225 0028 00       		.byte	0
 226 0029 04       		.uleb128 0x4
 227 002a 2E       		.uleb128 0x2e
 228 002b 01       		.byte	0x1
 229 002c 3F       		.uleb128 0x3f
 230 002d 19       		.uleb128 0x19
 231 002e 03       		.uleb128 0x3
 232 002f 0E       		.uleb128 0xe
 233 0030 3A       		.uleb128 0x3a
 234 0031 0B       		.uleb128 0xb
 235 0032 3B       		.uleb128 0x3b
 236 0033 0B       		.uleb128 0xb
 237 0034 27       		.uleb128 0x27
 238 0035 19       		.uleb128 0x19
 239 0036 49       		.uleb128 0x49
 240 0037 13       		.uleb128 0x13
 241 0038 8701     		.uleb128 0x87
 242 003a 19       		.uleb128 0x19
 243 003b 11       		.uleb128 0x11
 244 003c 01       		.uleb128 0x1
 245 003d 12       		.uleb128 0x12
 246 003e 06       		.uleb128 0x6
 247 003f 40       		.uleb128 0x40
 248 0040 18       		.uleb128 0x18
 249 0041 9742     		.uleb128 0x2117
 250 0043 19       		.uleb128 0x19
 251 0044 01       		.uleb128 0x1
 252 0045 13       		.uleb128 0x13
 253 0046 00       		.byte	0
 254 0047 00       		.byte	0
 255 0048 05       		.uleb128 0x5
 256 0049 898201   		.uleb128 0x4109
 257 004c 01       		.byte	0x1
 258 004d 11       		.uleb128 0x11
 259 004e 01       		.uleb128 0x1
 260 004f 31       		.uleb128 0x31
 261 0050 13       		.uleb128 0x13
ARM GAS  C:\Users\0\AppData\Local\Temp\ccGYhQcS.s 			page 6


 262 0051 01       		.uleb128 0x1
 263 0052 13       		.uleb128 0x13
 264 0053 00       		.byte	0
 265 0054 00       		.byte	0
 266 0055 06       		.uleb128 0x6
 267 0056 8A8201   		.uleb128 0x410a
 268 0059 00       		.byte	0
 269 005a 02       		.uleb128 0x2
 270 005b 18       		.uleb128 0x18
 271 005c 9142     		.uleb128 0x2111
 272 005e 18       		.uleb128 0x18
 273 005f 00       		.byte	0
 274 0060 00       		.byte	0
 275 0061 07       		.uleb128 0x7
 276 0062 898201   		.uleb128 0x4109
 277 0065 00       		.byte	0
 278 0066 11       		.uleb128 0x11
 279 0067 01       		.uleb128 0x1
 280 0068 31       		.uleb128 0x31
 281 0069 13       		.uleb128 0x13
 282 006a 00       		.byte	0
 283 006b 00       		.byte	0
 284 006c 08       		.uleb128 0x8
 285 006d 2E       		.uleb128 0x2e
 286 006e 00       		.byte	0
 287 006f 3F       		.uleb128 0x3f
 288 0070 19       		.uleb128 0x19
 289 0071 3C       		.uleb128 0x3c
 290 0072 19       		.uleb128 0x19
 291 0073 6E       		.uleb128 0x6e
 292 0074 0E       		.uleb128 0xe
 293 0075 03       		.uleb128 0x3
 294 0076 0E       		.uleb128 0xe
 295 0077 3A       		.uleb128 0x3a
 296 0078 0B       		.uleb128 0xb
 297 0079 3B       		.uleb128 0x3b
 298 007a 0B       		.uleb128 0xb
 299 007b 00       		.byte	0
 300 007c 00       		.byte	0
 301 007d 00       		.byte	0
 302              		.section	.debug_aranges,"",%progbits
 303 0000 1C000000 		.4byte	0x1c
 304 0004 0200     		.2byte	0x2
 305 0006 00000000 		.4byte	.Ldebug_info0
 306 000a 04       		.byte	0x4
 307 000b 00       		.byte	0
 308 000c 0000     		.2byte	0
 309 000e 0000     		.2byte	0
 310 0010 00000000 		.4byte	.LFB32
 311 0014 18000000 		.4byte	.LFE32-.LFB32
 312 0018 00000000 		.4byte	0
 313 001c 00000000 		.4byte	0
 314              		.section	.debug_ranges,"",%progbits
 315              	.Ldebug_ranges0:
 316 0000 00000000 		.4byte	.LFB32
 317 0004 18000000 		.4byte	.LFE32
 318 0008 00000000 		.4byte	0
ARM GAS  C:\Users\0\AppData\Local\Temp\ccGYhQcS.s 			page 7


 319 000c 00000000 		.4byte	0
 320              		.section	.debug_line,"",%progbits
 321              	.Ldebug_line0:
 322 0000 71000000 		.section	.debug_str,"MS",%progbits,1
 322      02005800 
 322      00000201 
 322      FB0E0D00 
 322      01010101 
 323              	.LASF6:
 324 0000 6C6F6E67 		.ascii	"long long int\000"
 324      206C6F6E 
 324      6720696E 
 324      7400
 325              	.LASF8:
 326 000e 756E7369 		.ascii	"unsigned int\000"
 326      676E6564 
 326      20696E74 
 326      00
 327              	.LASF18:
 328 001b 6D61696E 		.ascii	"main.c\000"
 328      2E6300
 329              	.LASF20:
 330 0022 6D61696E 		.ascii	"main\000"
 330      00
 331              	.LASF14:
 332 0027 50696E5F 		.ascii	"Pin_37_Write\000"
 332      33375F57 
 332      72697465 
 332      00
 333              	.LASF16:
 334 0034 50696E5F 		.ascii	"Pin_35_Write\000"
 334      33355F57 
 334      72697465 
 334      00
 335              	.LASF5:
 336 0041 6C6F6E67 		.ascii	"long unsigned int\000"
 336      20756E73 
 336      69676E65 
 336      6420696E 
 336      7400
 337              	.LASF7:
 338 0053 6C6F6E67 		.ascii	"long long unsigned int\000"
 338      206C6F6E 
 338      6720756E 
 338      7369676E 
 338      65642069 
 339              	.LASF9:
 340 006a 666C6F61 		.ascii	"float\000"
 340      7400
 341              	.LASF1:
 342 0070 756E7369 		.ascii	"unsigned char\000"
 342      676E6564 
 342      20636861 
 342      7200
 343              	.LASF11:
 344 007e 63686172 		.ascii	"char\000"
 344      00
ARM GAS  C:\Users\0\AppData\Local\Temp\ccGYhQcS.s 			page 8


 345              	.LASF4:
 346 0083 6C6F6E67 		.ascii	"long int\000"
 346      20696E74 
 346      00
 347              	.LASF19:
 348 008c 433A5C55 		.ascii	"C:\\Users\\0\\Documents\\PSoC Creator\\Workspace02\\"
 348      73657273 
 348      5C305C44 
 348      6F63756D 
 348      656E7473 
 349 00ba 636F756E 		.ascii	"counterLCD.cydsn\000"
 349      7465724C 
 349      43442E63 
 349      7964736E 
 349      00
 350              	.LASF10:
 351 00cb 646F7562 		.ascii	"double\000"
 351      6C6500
 352              	.LASF17:
 353 00d2 474E5520 		.ascii	"GNU C11 5.4.1 20160609 (release) [ARM/embedded-5-br"
 353      43313120 
 353      352E342E 
 353      31203230 
 353      31363036 
 354 0105 616E6368 		.ascii	"anch revision 237715] -mcpu=cortex-m0 -mthumb -g -O"
 354      20726576 
 354      6973696F 
 354      6E203233 
 354      37373135 
 355 0138 67202D66 		.ascii	"g -ffunction-sections -ffat-lto-objects\000"
 355      66756E63 
 355      74696F6E 
 355      2D736563 
 355      74696F6E 
 356              	.LASF3:
 357 0160 73686F72 		.ascii	"short unsigned int\000"
 357      7420756E 
 357      7369676E 
 357      65642069 
 357      6E7400
 358              	.LASF0:
 359 0173 7369676E 		.ascii	"signed char\000"
 359      65642063 
 359      68617200 
 360              	.LASF12:
 361 017f 6C6F6E67 		.ascii	"long double\000"
 361      20646F75 
 361      626C6500 
 362              	.LASF2:
 363 018b 73686F72 		.ascii	"short int\000"
 363      7420696E 
 363      7400
 364              	.LASF13:
 365 0195 73697A65 		.ascii	"sizetype\000"
 365      74797065 
 365      00
 366              	.LASF15:
ARM GAS  C:\Users\0\AppData\Local\Temp\ccGYhQcS.s 			page 9


 367 019e 50696E5F 		.ascii	"Pin_36_Read\000"
 367      33365F52 
 367      65616400 
 368              		.ident	"GCC: (GNU Tools for ARM Embedded Processors) 5.4.1 20160609 (release) [ARM/embedded-5-bran
